{"meta": {"format": 3, "version": "7.14.0", "timestamp": "2026-05-24T23:34:52.980090", "branch_coverage": false, "show_contexts": false}, "files": {"api/__init__.py": {"executed_lines": [7, 14], "summary": {"covered_lines": 2, "num_statements": 2, "percent_covered": 100.0, "percent_covered_display": "100", "missing_lines": 0, "excluded_lines": 0, "percent_statements_covered": 100.0, "percent_statements_covered_display": "100"}, "missing_lines": [], "excluded_lines": [], "functions": {"": {"executed_lines": [7, 14], "summary": {"covered_lines": 2, "num_statements": 2, "percent_covered": 100.0, "percent_covered_display": "100", "missing_lines": 0, "excluded_lines": 0, "percent_statements_covered": 100.0, "percent_statements_covered_display": "100"}, "missing_lines": [], "excluded_lines": [], "start_line": 1}}, "classes": {"": {"executed_lines": [7, 14], "summary": {"covered_lines": 2, "num_statements": 2, "percent_covered": 100.0, "percent_covered_display": "100", "missing_lines": 0, "excluded_lines": 0, "percent_statements_covered": 100.0, "percent_statements_covered_display": "100"}, "missing_lines": [], "excluded_lines": [], "start_line": 1}}}, "api/sfm_service.py": {"executed_lines": [14, 15, 16, 17, 19, 20, 26, 33, 35, 38, 39, 46, 47, 54, 57, 62, 63, 66, 72, 79, 82, 87, 89, 91, 92, 94, 96, 97, 102, 104, 105, 107, 109, 110, 112, 118, 132, 133, 134, 135, 140, 150, 152, 165, 167, 177, 179, 189, 191, 198, 199, 202, 203, 204, 205, 207, 213, 220, 221, 222, 228, 245, 246, 252, 253, 254, 270, 287, 288, 289, 291, 292, 293, 299, 317, 318, 319, 321, 322, 323, 339, 350, 351, 352, 360], "summary": {"covered_lines": 85, "num_statements": 96, "percent_covered": 88.54166666666667, "percent_covered_display": "89", "missing_lines": 11, "excluded_lines": 0, "percent_statements_covered": 88.54166666666667, "percent_statements_covered_display": "89"}, "missing_lines": [136, 137, 138, 262, 263, 296, 297, 331, 332, 355, 356], "excluded_lines": [], "functions": {"SFMServiceConfig.__init__": {"executed_lines": [62, 63], "summary": {"covered_lines": 2, "num_statements": 2, "percent_covered": 100.0, "percent_covered_display": "100", "missing_lines": 0, "excluded_lines": 0, "percent_statements_covered": 100.0, "percent_statements_covered_display": "100"}, "missing_lines": [], "excluded_lines": [], "start_line": 57}, "SFMService.__init__": {"executed_lines": [79, 82, 87, 89], "summary": {"covered_lines": 4, "num_statements": 4, "percent_covered": 100.0, "percent_covered_display": "100", "missing_lines": 0, "excluded_lines": 0, "percent_statements_covered": 100.0, "percent_statements_covered_display": "100"}, "missing_lines": [], "excluded_lines": [], "start_line": 72}, "SFMService.repository": {"executed_lines": [94], "summary": {"covered_lines": 1, "num_statements": 1, "percent_covered": 100.0, "percent_covered_display": "100", "missing_lines": 0, "excluded_lines": 0, "percent_statements_covered": 100.0, "percent_statements_covered_display": "100"}, "missing_lines": [], "excluded_lines": [], "start_line": 92}, "SFMService.query_engine": {"executed_lines": [102, 104, 105], "summary": {"covered_lines": 3, "num_statements": 3, "percent_covered": 100.0, "percent_covered_display": "100", "missing_lines": 0, "excluded_lines": 0, "percent_statements_covered": 100.0, "percent_statements_covered_display": "100"}, "missing_lines": [], "excluded_lines": [], "start_line": 97}, "SFMService.get_health": {"executed_lines": [109, 110, 112], "summary": {"covered_lines": 3, "num_statements": 3, "percent_covered": 100.0, "percent_covered_display": "100", "missing_lines": 0, "excluded_lines": 0, "percent_statements_covered": 100.0, "percent_statements_covered_display": "100"}, "missing_lines": [], "excluded_lines": [], "start_line": 107}, "SFMService.create_node": {"executed_lines": [132, 133, 134, 135], "summary": {"covered_lines": 4, "num_statements": 7, "percent_covered": 57.142857142857146, "percent_covered_display": "57", "missing_lines": 3, "excluded_lines": 0, "percent_statements_covered": 57.142857142857146, "percent_statements_covered_display": "57"}, "missing_lines": [136, 137, 138], "excluded_lines": [], "start_line": 118}, "SFMService.get_node": {"executed_lines": [150], "summary": {"covered_lines": 1, "num_statements": 1, "percent_covered": 100.0, "percent_covered_display": "100", "missing_lines": 0, "excluded_lines": 0, "percent_statements_covered": 100.0, "percent_statements_covered_display": "100"}, "missing_lines": [], "excluded_lines": [], "start_line": 140}, "SFMService.update_node": {"executed_lines": [165], "summary": {"covered_lines": 1, "num_statements": 1, "percent_covered": 100.0, "percent_covered_display": "100", "missing_lines": 0, "excluded_lines": 0, "percent_statements_covered": 100.0, "percent_statements_covered_display": "100"}, "missing_lines": [], "excluded_lines": [], "start_line": 152}, "SFMService.delete_node": {"executed_lines": [177], "summary": {"covered_lines": 1, "num_statements": 1, "percent_covered": 100.0, "percent_covered_display": "100", "missing_lines": 0, "excluded_lines": 0, "percent_statements_covered": 100.0, "percent_statements_covered_display": "100"}, "missing_lines": [], "excluded_lines": [], "start_line": 167}, "SFMService.list_nodes": {"executed_lines": [189], "summary": {"covered_lines": 1, "num_statements": 1, "percent_covered": 100.0, "percent_covered_display": "100", "missing_lines": 0, "excluded_lines": 0, "percent_statements_covered": 100.0, "percent_statements_covered_display": "100"}, "missing_lines": [], "excluded_lines": [], "start_line": 179}, "SFMService.get_statistics": {"executed_lines": [198, 199, 202, 203, 204, 205, 207], "summary": {"covered_lines": 7, "num_statements": 7, "percent_covered": 100.0, "percent_covered_display": "100", "missing_lines": 0, "excluded_lines": 0, "percent_statements_covered": 100.0, "percent_statements_covered_display": "100"}, "missing_lines": [], "excluded_lines": [], "start_line": 191}, "SFMService.clear_all_data": {"executed_lines": [220, 221, 222], "summary": {"covered_lines": 3, "num_statements": 3, "percent_covered": 100.0, "percent_covered_display": "100", "missing_lines": 0, "excluded_lines": 0, "percent_statements_covered": 100.0, "percent_statements_covered_display": "100"}, "missing_lines": [], "excluded_lines": [], "start_line": 213}, "SFMService.get_ceremonial_analysis": {"executed_lines": [245, 246, 252, 253, 254], "summary": {"covered_lines": 5, "num_statements": 7, "percent_covered": 71.42857142857143, "percent_covered_display": "71", "missing_lines": 2, "excluded_lines": 0, "percent_statements_covered": 71.42857142857143, "percent_statements_covered_display": "71"}, "missing_lines": [262, 263], "excluded_lines": [], "start_line": 228}, "SFMService.get_circular_causation": {"executed_lines": [287, 288, 289, 291, 292, 293], "summary": {"covered_lines": 6, "num_statements": 8, "percent_covered": 75.0, "percent_covered_display": "75", "missing_lines": 2, "excluded_lines": 0, "percent_statements_covered": 75.0, "percent_statements_covered_display": "75"}, "missing_lines": [296, 297], "excluded_lines": [], "start_line": 270}, "SFMService.get_holarchy": {"executed_lines": [317, 318, 319, 321, 322, 323], "summary": {"covered_lines": 6, "num_statements": 8, "percent_covered": 75.0, "percent_covered_display": "75", "missing_lines": 2, "excluded_lines": 0, "percent_statements_covered": 75.0, "percent_statements_covered_display": "75"}, "missing_lines": [331, 332], "excluded_lines": [], "start_line": 299}, "SFMService.get_conflicts": {"executed_lines": [350, 351, 352], "summary": {"covered_lines": 3, "num_statements": 5, "percent_covered": 60.0, "percent_covered_display": "60", "missing_lines": 2, "excluded_lines": 0, "percent_statements_covered": 60.0, "percent_statements_covered_display": "60"}, "missing_lines": [355, 356], "excluded_lines": [], "start_line": 339}, "": {"executed_lines": [14, 15, 16, 17, 19, 20, 26, 33, 35, 38, 39, 46, 47, 54, 57, 66, 72, 91, 92, 96, 97, 107, 118, 140, 152, 167, 179, 191, 213, 228, 270, 299, 339, 360], "summary": {"covered_lines": 34, "num_statements": 34, "percent_covered": 100.0, "percent_covered_display": "100", "missing_lines": 0, "excluded_lines": 0, "percent_statements_covered": 100.0, "percent_statements_covered_display": "100"}, "missing_lines": [], "excluded_lines": [], "start_line": 1}}, "classes": {"ServiceHealth": {"executed_lines": [], "summary": {"covered_lines": 0, "num_statements": 0, "percent_covered": 100.0, "percent_covered_display": "100", "missing_lines": 0, "excluded_lines": 0, "percent_statements_covered": 100.0, "percent_statements_covered_display": "100"}, "missing_lines": [], "excluded_lines": [], "start_line": 39}, "GraphStatistics": {"executed_lines": [], "summary": {"covered_lines": 0, "num_statements": 0, "percent_covered": 100.0, "percent_covered_display": "100", "missing_lines": 0, "excluded_lines": 0, "percent_statements_covered": 100.0, "percent_statements_covered_display": "100"}, "missing_lines": [], "excluded_lines": [], "start_line": 47}, "SFMServiceConfig": {"executed_lines": [62, 63], "summary": {"covered_lines": 2, "num_statements": 2, "percent_covered": 100.0, "percent_covered_display": "100", "missing_lines": 0, "excluded_lines": 0, "percent_statements_covered": 100.0, "percent_statements_covered_display": "100"}, "missing_lines": [], "excluded_lines": [], "start_line": 54}, "SFMService": {"executed_lines": [79, 82, 87, 89, 94, 102, 104, 105, 109, 110, 112, 132, 133, 134, 135, 150, 165, 177, 189, 198, 199, 202, 203, 204, 205, 207, 220, 221, 222, 245, 246, 252, 253, 254, 287, 288, 289, 291, 292, 293, 317, 318, 319, 321, 322, 323, 350, 351, 352], "summary": {"covered_lines": 49, "num_statements": 60, "percent_covered": 81.66666666666667, "percent_covered_display": "82", "missing_lines": 11, "excluded_lines": 0, "percent_statements_covered": 81.66666666666667, "percent_statements_covered_display": "82"}, "missing_lines": [136, 137, 138, 262, 263, 296, 297, 331, 332, 355, 356], "excluded_lines": [], "start_line": 66}, "": {"executed_lines": [14, 15, 16, 17, 19, 20, 26, 33, 35, 38, 39, 46, 47, 54, 57, 66, 72, 91, 92, 96, 97, 107, 118, 140, 152, 167, 179, 191, 213, 228, 270, 299, 339, 360], "summary": {"covered_lines": 34, "num_statements": 34, "percent_covered": 100.0, "percent_covered_display": "100", "missing_lines": 0, "excluded_lines": 0, "percent_statements_covered": 100.0, "percent_statements_covered_display": "100"}, "missing_lines": [], "excluded_lines": [], "start_line": 1}}}, "data/__init__.py": {"executed_lines": [7, 15], "summary": {"covered_lines": 2, "num_statements": 2, "percent_covered": 100.0, "percent_covered_display": "100", "missing_lines": 0, "excluded_lines": 0, "percent_statements_covered": 100.0, "percent_statements_covered_display": "100"}, "missing_lines": [], "excluded_lines": [], "functions": {"": {"executed_lines": [7, 15], "summary": {"covered_lines": 2, "num_statements": 2, "percent_covered": 100.0, "percent_covered_display": "100", "missing_lines": 0, "excluded_lines": 0, "percent_statements_covered": 100.0, "percent_statements_covered_display": "100"}, "missing_lines": [], "excluded_lines": [], "start_line": 1}}, "classes": {"": {"executed_lines": [7, 15], "summary": {"covered_lines": 2, "num_statements": 2, "percent_covered": 100.0, "percent_covered_display": "100", "missing_lines": 0, "excluded_lines": 0, "percent_statements_covered": 100.0, "percent_statements_covered_display": "100"}, "missing_lines": [], "excluded_lines": [], "start_line": 1}}}, "data/repositories.py": {"executed_lines": [7, 8, 9, 10, 11, 14, 66, 67, 75, 77, 84, 86, 90, 94, 98, 102, 105, 111, 112, 116, 117, 121, 122, 126, 127, 131, 132, 136, 137, 141, 142, 146, 147, 151, 152, 156, 157, 163, 164, 173, 174, 178, 179, 183, 184, 189, 195, 197, 199, 201, 203, 211, 212, 214, 216, 217, 220, 222, 224, 225, 231, 232, 234, 236, 237, 240, 241, 243, 245, 247, 248, 249, 252, 253, 255, 257, 259, 260, 261, 264, 269, 276, 277, 286, 287, 289, 292, 293, 294, 296, 298, 314, 317, 318, 320, 321, 325, 329, 331, 332, 333, 336, 337, 339, 341, 367, 381, 394, 396, 400, 405, 413, 414, 416, 418, 423, 424, 426, 435, 445, 449, 451, 452, 454, 472, 475, 478, 482, 486, 490, 494, 498, 502, 506, 510, 520, 523, 524, 538, 539, 541, 547, 548, 556, 557], "summary": {"covered_lines": 145, "num_statements": 240, "percent_covered": 60.416666666666664, "percent_covered_display": "60", "missing_lines": 95, "excluded_lines": 0, "percent_statements_covered": 60.416666666666664, "percent_statements_covered_display": "60"}, "missing_lines": [78, 79, 80, 81, 87, 88, 92, 96, 100, 114, 119, 124, 129, 134, 139, 144, 149, 154, 161, 171, 176, 181, 186, 204, 250, 265, 270, 278, 300, 303, 304, 306, 307, 309, 323, 334, 348, 350, 351, 352, 353, 356, 357, 358, 359, 360, 361, 363, 365, 369, 372, 373, 376, 377, 379, 384, 387, 388, 391, 392, 419, 428, 430, 431, 433, 437, 438, 442, 443, 447, 456, 458, 459, 460, 461, 462, 463, 464, 466, 467, 469, 476, 480, 484, 488, 492, 496, 500, 504, 508, 514, 553, 554, 561, 562], "excluded_lines": [], "functions": {"Relationship.__init__": {"executed_lines": [], "summary": {"covered_lines": 0, "num_statements": 4, "percent_covered": 0.0, "percent_covered_display": "0", "missing_lines": 4, "excluded_lines": 0, "percent_statements_covered": 0.0, "percent_statements_covered_display": "0"}, "missing_lines": [78, 79, 80, 81], "excluded_lines": [], "start_line": 77}, "SFMGraph.__init__": {"executed_lines": [], "summary": {"covered_lines": 0, "num_statements": 2, "percent_covered": 0.0, "percent_covered_display": "0", "missing_lines": 2, "excluded_lines": 0, "percent_statements_covered": 0.0, "percent_statements_covered_display": "0"}, "missing_lines": [87, 88], "excluded_lines": [], "start_line": 86}, "SFMGraph.add_node": {"executed_lines": [], "summary": {"covered_lines": 0, "num_statements": 1, "percent_covered": 0.0, "percent_covered_display": "0", "missing_lines": 1, "excluded_lines": 0, "percent_statements_covered": 0.0, "percent_statements_covered_display": "0"}, "missing_lines": [92], "excluded_lines": [], "start_line": 90}, "SFMGraph.add_relationship": {"executed_lines": [], "summary": {"covered_lines": 0, "num_statements": 1, "percent_covered": 0.0, "percent_covered_display": "0", "missing_lines": 1, "excluded_lines": 0, "percent_statements_covered": 0.0, "percent_statements_covered_display": "0"}, "missing_lines": [96], "excluded_lines": [], "start_line": 94}, "SFMGraph.__iter__": {"executed_lines": [], "summary": {"covered_lines": 0, "num_statements": 1, "percent_covered": 0.0, "percent_covered_display": "0", "missing_lines": 1, "excluded_lines": 0, "percent_statements_covered": 0.0, "percent_statements_covered_display": "0"}, "missing_lines": [100], "excluded_lines": [], "start_line": 98}, "SFMRepository.create_node": {"executed_lines": [], "summary": {"covered_lines": 0, "num_statements": 1, "percent_covered": 0.0, "percent_covered_display": "0", "missing_lines": 1, "excluded_lines": 0, "percent_statements_covered": 0.0, "percent_statements_covered_display": "0"}, "missing_lines": [114], "excluded_lines": [], "start_line": 112}, "SFMRepository.read_node": {"executed_lines": [], "summary": {"covered_lines": 0, "num_statements": 1, "percent_covered": 0.0, "percent_covered_display": "0", "missing_lines": 1, "excluded_lines": 0, "percent_statements_covered": 0.0, "percent_statements_covered_display": "0"}, "missing_lines": [119], "excluded_lines": [], "start_line": 117}, "SFMRepository.update_node": {"executed_lines": [], "summary": {"covered_lines": 0, "num_statements": 1, "percent_covered": 0.0, "percent_covered_display": "0", "missing_lines": 1, "excluded_lines": 0, "percent_statements_covered": 0.0, "percent_statements_covered_display": "0"}, "missing_lines": [124], "excluded_lines": [], "start_line": 122}, "SFMRepository.delete_node": {"executed_lines": [], "summary": {"covered_lines": 0, "num_statements": 1, "percent_covered": 0.0, "percent_covered_display": "0", "missing_lines": 1, "excluded_lines": 0, "percent_statements_covered": 0.0, "percent_statements_covered_display": "0"}, "missing_lines": [129], "excluded_lines": [], "start_line": 127}, "SFMRepository.list_nodes": {"executed_lines": [], "summary": {"covered_lines": 0, "num_statements": 1, "percent_covered": 0.0, "percent_covered_display": "0", "missing_lines": 1, "excluded_lines": 0, "percent_statements_covered": 0.0, "percent_statements_covered_display": "0"}, "missing_lines": [134], "excluded_lines": [], "start_line": 132}, "SFMRepository.create_relationship": {"executed_lines": [], "summary": {"covered_lines": 0, "num_statements": 1, "percent_covered": 0.0, "percent_covered_display": "0", "missing_lines": 1, "excluded_lines": 0, "percent_statements_covered": 0.0, "percent_statements_covered_display": "0"}, "missing_lines": [139], "excluded_lines": [], "start_line": 137}, "SFMRepository.read_relationship": {"executed_lines": [], "summary": {"covered_lines": 0, "num_statements": 1, "percent_covered": 0.0, "percent_covered_display": "0", "missing_lines": 1, "excluded_lines": 0, "percent_statements_covered": 0.0, "percent_statements_covered_display": "0"}, "missing_lines": [144], "excluded_lines": [], "start_line": 142}, "SFMRepository.update_relationship": {"executed_lines": [], "summary": {"covered_lines": 0, "num_statements": 1, "percent_covered": 0.0, "percent_covered_display": "0", "missing_lines": 1, "excluded_lines": 0, "percent_statements_covered": 0.0, "percent_statements_covered_display": "0"}, "missing_lines": [149], "excluded_lines": [], "start_line": 147}, "SFMRepository.delete_relationship": {"executed_lines": [], "summary": {"covered_lines": 0, "num_statements": 1, "percent_covered": 0.0, "percent_covered_display": "0", "missing_lines": 1, "excluded_lines": 0, "percent_statements_covered": 0.0, "percent_statements_covered_display": "0"}, "missing_lines": [154], "excluded_lines": [], "start_line": 152}, "SFMRepository.list_relationships": {"executed_lines": [], "summary": {"covered_lines": 0, "num_statements": 1, "percent_covered": 0.0, "percent_covered_display": "0", "missing_lines": 1, "excluded_lines": 0, "percent_statements_covered": 0.0, "percent_statements_covered_display": "0"}, "missing_lines": [161], "excluded_lines": [], "start_line": 157}, "SFMRepository.find_relationships": {"executed_lines": [], "summary": {"covered_lines": 0, "num_statements": 1, "percent_covered": 0.0, "percent_covered_display": "0", "missing_lines": 1, "excluded_lines": 0, "percent_statements_covered": 0.0, "percent_statements_covered_display": "0"}, "missing_lines": [171], "excluded_lines": [], "start_line": 164}, "SFMRepository.load_graph": {"executed_lines": [], "summary": {"covered_lines": 0, "num_statements": 1, "percent_covered": 0.0, "percent_covered_display": "0", "missing_lines": 1, "excluded_lines": 0, "percent_statements_covered": 0.0, "percent_statements_covered_display": "0"}, "missing_lines": [176], "excluded_lines": [], "start_line": 174}, "SFMRepository.save_graph": {"executed_lines": [], "summary": {"covered_lines": 0, "num_statements": 1, "percent_covered": 0.0, "percent_covered_display": "0", "missing_lines": 1, "excluded_lines": 0, "percent_statements_covered": 0.0, "percent_statements_covered_display": "0"}, "missing_lines": [181], "excluded_lines": [], "start_line": 179}, "SFMRepository.clear": {"executed_lines": [], "summary": {"covered_lines": 0, "num_statements": 1, "percent_covered": 0.0, "percent_covered_display": "0", "missing_lines": 1, "excluded_lines": 0, "percent_statements_covered": 0.0, "percent_statements_covered_display": "0"}, "missing_lines": [186], "excluded_lines": [], "start_line": 184}, "NetworkXSFMRepository.__init__": {"executed_lines": [197], "summary": {"covered_lines": 1, "num_statements": 1, "percent_covered": 100.0, "percent_covered_display": "100", "missing_lines": 0, "excluded_lines": 0, "percent_statements_covered": 100.0, "percent_statements_covered_display": "100"}, "missing_lines": [], "excluded_lines": [], "start_line": 195}, "NetworkXSFMRepository.create_node": {"executed_lines": [201, 203, 211, 212], "summary": {"covered_lines": 4, "num_statements": 5, "percent_covered": 80.0, "percent_covered_display": "80", "missing_lines": 1, "excluded_lines": 0, "percent_statements_covered": 80.0, "percent_statements_covered_display": "80"}, "missing_lines": [204], "excluded_lines": [], "start_line": 199}, "NetworkXSFMRepository.read_node": {"executed_lines": [216, 217, 220], "summary": {"covered_lines": 3, "num_statements": 3, "percent_covered": 100.0, "percent_covered_display": "100", "missing_lines": 0, "excluded_lines": 0, "percent_statements_covered": 100.0, "percent_statements_covered_display": "100"}, "missing_lines": [], "excluded_lines": [], "start_line": 214}, "NetworkXSFMRepository.update_node": {"executed_lines": [224, 225, 231, 232], "summary": {"covered_lines": 4, "num_statements": 4, "percent_covered": 100.0, "percent_covered_display": "100", "missing_lines": 0, "excluded_lines": 0, "percent_statements_covered": 100.0, "percent_statements_covered_display": "100"}, "missing_lines": [], "excluded_lines": [], "start_line": 222}, "NetworkXSFMRepository.delete_node": {"executed_lines": [236, 237, 240, 241], "summary": {"covered_lines": 4, "num_statements": 4, "percent_covered": 100.0, "percent_covered_display": "100", "missing_lines": 0, "excluded_lines": 0, "percent_statements_covered": 100.0, "percent_statements_covered_display": "100"}, "missing_lines": [], "excluded_lines": [], "start_line": 234}, "NetworkXSFMRepository.list_nodes": {"executed_lines": [245, 247, 248, 249, 252, 253, 255], "summary": {"covered_lines": 7, "num_statements": 8, "percent_covered": 87.5, "percent_covered_display": "88", "missing_lines": 1, "excluded_lines": 0, "percent_statements_covered": 87.5, "percent_statements_covered_display": "88"}, "missing_lines": [250], "excluded_lines": [], "start_line": 243}, "NetworkXSFMRepository.create_relationship": {"executed_lines": [259, 260, 261, 264, 269, 276, 277, 286, 287], "summary": {"covered_lines": 9, "num_statements": 12, "percent_covered": 75.0, "percent_covered_display": "75", "missing_lines": 3, "excluded_lines": 0, "percent_statements_covered": 75.0, "percent_statements_covered_display": "75"}, "missing_lines": [265, 270, 278], "excluded_lines": [], "start_line": 257}, "NetworkXSFMRepository.read_relationship": {"executed_lines": [292, 293, 294, 296], "summary": {"covered_lines": 4, "num_statements": 4, "percent_covered": 100.0, "percent_covered_display": "100", "missing_lines": 0, "excluded_lines": 0, "percent_statements_covered": 100.0, "percent_statements_covered_display": "100"}, "missing_lines": [], "excluded_lines": [], "start_line": 289}, "NetworkXSFMRepository.update_relationship": {"executed_lines": [], "summary": {"covered_lines": 0, "num_statements": 6, "percent_covered": 0.0, "percent_covered_display": "0", "missing_lines": 6, "excluded_lines": 0, "percent_statements_covered": 0.0, "percent_statements_covered_display": "0"}, "missing_lines": [300, 303, 304, 306, 307, 309], "excluded_lines": [], "start_line": 298}, "NetworkXSFMRepository.delete_relationship": {"executed_lines": [317, 318, 320, 321], "summary": {"covered_lines": 4, "num_statements": 5, "percent_covered": 80.0, "percent_covered_display": "80", "missing_lines": 1, "excluded_lines": 0, "percent_statements_covered": 80.0, "percent_statements_covered_display": "80"}, "missing_lines": [323], "excluded_lines": [], "start_line": 314}, "NetworkXSFMRepository.list_relationships": {"executed_lines": [329, 331, 332, 333, 336, 337, 339], "summary": {"covered_lines": 7, "num_statements": 8, "percent_covered": 87.5, "percent_covered_display": "88", "missing_lines": 1, "excluded_lines": 0, "percent_statements_covered": 87.5, "percent_statements_covered_display": "88"}, "missing_lines": [334], "excluded_lines": [], "start_line": 325}, "NetworkXSFMRepository.find_relationships": {"executed_lines": [], "summary": {"covered_lines": 0, "num_statements": 13, "percent_covered": 0.0, "percent_covered_display": "0", "missing_lines": 13, "excluded_lines": 0, "percent_statements_covered": 0.0, "percent_statements_covered_display": "0"}, "missing_lines": [348, 350, 351, 352, 353, 356, 357, 358, 359, 360, 361, 363, 365], "excluded_lines": [], "start_line": 341}, "NetworkXSFMRepository.load_graph": {"executed_lines": [], "summary": {"covered_lines": 0, "num_statements": 6, "percent_covered": 0.0, "percent_covered_display": "0", "missing_lines": 6, "excluded_lines": 0, "percent_statements_covered": 0.0, "percent_statements_covered_display": "0"}, "missing_lines": [369, 372, 373, 376, 377, 379], "excluded_lines": [], "start_line": 367}, "NetworkXSFMRepository.save_graph": {"executed_lines": [], "summary": {"covered_lines": 0, "num_statements": 5, "percent_covered": 0.0, "percent_covered_display": "0", "missing_lines": 5, "excluded_lines": 0, "percent_statements_covered": 0.0, "percent_statements_covered_display": "0"}, "missing_lines": [384, 387, 388, 391, 392], "excluded_lines": [], "start_line": 381}, "NetworkXSFMRepository.clear": {"executed_lines": [396], "summary": {"covered_lines": 1, "num_statements": 1, "percent_covered": 100.0, "percent_covered_display": "100", "missing_lines": 0, "excluded_lines": 0, "percent_statements_covered": 100.0, "percent_statements_covered_display": "100"}, "missing_lines": [], "excluded_lines": [], "start_line": 394}, "TypedSFMRepository.__init__": {"executed_lines": [413, 414], "summary": {"covered_lines": 2, "num_statements": 2, "percent_covered": 100.0, "percent_covered_display": "100", "missing_lines": 0, "excluded_lines": 0, "percent_statements_covered": 100.0, "percent_statements_covered_display": "100"}, "missing_lines": [], "excluded_lines": [], "start_line": 405}, "TypedSFMRepository.create": {"executed_lines": [418, 423, 424], "summary": {"covered_lines": 3, "num_statements": 4, "percent_covered": 75.0, "percent_covered_display": "75", "missing_lines": 1, "excluded_lines": 0, "percent_statements_covered": 75.0, "percent_statements_covered_display": "75"}, "missing_lines": [419], "excluded_lines": [], "start_line": 416}, "TypedSFMRepository.read": {"executed_lines": [], "summary": {"covered_lines": 0, "num_statements": 4, "percent_covered": 0.0, "percent_covered_display": "0", "missing_lines": 4, "excluded_lines": 0, "percent_statements_covered": 0.0, "percent_statements_covered_display": "0"}, "missing_lines": [428, 430, 431, 433], "excluded_lines": [], "start_line": 426}, "TypedSFMRepository.update": {"executed_lines": [], "summary": {"covered_lines": 0, "num_statements": 4, "percent_covered": 0.0, "percent_covered_display": "0", "missing_lines": 4, "excluded_lines": 0, "percent_statements_covered": 0.0, "percent_statements_covered_display": "0"}, "missing_lines": [437, 438, 442, 443], "excluded_lines": [], "start_line": 435}, "TypedSFMRepository.delete": {"executed_lines": [], "summary": {"covered_lines": 0, "num_statements": 1, "percent_covered": 0.0, "percent_covered_display": "0", "missing_lines": 1, "excluded_lines": 0, "percent_statements_covered": 0.0, "percent_statements_covered_display": "0"}, "missing_lines": [447], "excluded_lines": [], "start_line": 445}, "TypedSFMRepository.list_all": {"executed_lines": [451, 452], "summary": {"covered_lines": 2, "num_statements": 2, "percent_covered": 100.0, "percent_covered_display": "100", "missing_lines": 0, "excluded_lines": 0, "percent_statements_covered": 100.0, "percent_statements_covered_display": "100"}, "missing_lines": [], "excluded_lines": [], "start_line": 449}, "TypedSFMRepository.query": {"executed_lines": [], "summary": {"covered_lines": 0, "num_statements": 11, "percent_covered": 0.0, "percent_covered_display": "0", "missing_lines": 11, "excluded_lines": 0, "percent_statements_covered": 0.0, "percent_statements_covered_display": "0"}, "missing_lines": [456, 458, 459, 460, 461, 462, 463, 464, 466, 467, 469], "excluded_lines": [], "start_line": 454}, "RelationshipRepository.__init__": {"executed_lines": [], "summary": {"covered_lines": 0, "num_statements": 1, "percent_covered": 0.0, "percent_covered_display": "0", "missing_lines": 1, "excluded_lines": 0, "percent_statements_covered": 0.0, "percent_statements_covered_display": "0"}, "missing_lines": [476], "excluded_lines": [], "start_line": 475}, "RelationshipRepository.create": {"executed_lines": [], "summary": {"covered_lines": 0, "num_statements": 1, "percent_covered": 0.0, "percent_covered_display": "0", "missing_lines": 1, "excluded_lines": 0, "percent_statements_covered": 0.0, "percent_statements_covered_display": "0"}, "missing_lines": [480], "excluded_lines": [], "start_line": 478}, "RelationshipRepository.read": {"executed_lines": [], "summary": {"covered_lines": 0, "num_statements": 1, "percent_covered": 0.0, "percent_covered_display": "0", "missing_lines": 1, "excluded_lines": 0, "percent_statements_covered": 0.0, "percent_statements_covered_display": "0"}, "missing_lines": [484], "excluded_lines": [], "start_line": 482}, "RelationshipRepository.update": {"executed_lines": [], "summary": {"covered_lines": 0, "num_statements": 1, "percent_covered": 0.0, "percent_covered_display": "0", "missing_lines": 1, "excluded_lines": 0, "percent_statements_covered": 0.0, "percent_statements_covered_display": "0"}, "missing_lines": [488], "excluded_lines": [], "start_line": 486}, "RelationshipRepository.delete": {"executed_lines": [], "summary": {"covered_lines": 0, "num_statements": 1, "percent_covered": 0.0, "percent_covered_display": "0", "missing_lines": 1, "excluded_lines": 0, "percent_statements_covered": 0.0, "percent_statements_covered_display": "0"}, "missing_lines": [492], "excluded_lines": [], "start_line": 490}, "RelationshipRepository.list_all": {"executed_lines": [], "summary": {"covered_lines": 0, "num_statements": 1, "percent_covered": 0.0, "percent_covered_display": "0", "missing_lines": 1, "excluded_lines": 0, "percent_statements_covered": 0.0, "percent_statements_covered_display": "0"}, "missing_lines": [496], "excluded_lines": [], "start_line": 494}, "RelationshipRepository.find_by_kind": {"executed_lines": [], "summary": {"covered_lines": 0, "num_statements": 1, "percent_covered": 0.0, "percent_covered_display": "0", "missing_lines": 1, "excluded_lines": 0, "percent_statements_covered": 0.0, "percent_statements_covered_display": "0"}, "missing_lines": [500], "excluded_lines": [], "start_line": 498}, "RelationshipRepository.find_by_source": {"executed_lines": [], "summary": {"covered_lines": 0, "num_statements": 1, "percent_covered": 0.0, "percent_covered_display": "0", "missing_lines": 1, "excluded_lines": 0, "percent_statements_covered": 0.0, "percent_statements_covered_display": "0"}, "missing_lines": [504], "excluded_lines": [], "start_line": 502}, "RelationshipRepository.find_by_target": {"executed_lines": [], "summary": {"covered_lines": 0, "num_statements": 1, "percent_covered": 0.0, "percent_covered_display": "0", "missing_lines": 1, "excluded_lines": 0, "percent_statements_covered": 0.0, "percent_statements_covered_display": "0"}, "missing_lines": [508], "excluded_lines": [], "start_line": 506}, "RelationshipRepository.find_by_nodes": {"executed_lines": [], "summary": {"covered_lines": 0, "num_statements": 1, "percent_covered": 0.0, "percent_covered_display": "0", "missing_lines": 1, "excluded_lines": 0, "percent_statements_covered": 0.0, "percent_statements_covered_display": "0"}, "missing_lines": [514], "excluded_lines": [], "start_line": 510}, "SFMRepositoryFactory.create_repository": {"executed_lines": [538, 539, 541], "summary": {"covered_lines": 3, "num_statements": 3, "percent_covered": 100.0, "percent_covered_display": "100", "missing_lines": 0, "excluded_lines": 0, "percent_statements_covered": 100.0, "percent_statements_covered_display": "100"}, "missing_lines": [], "excluded_lines": [], "start_line": 524}, "SFMRepositoryFactory.create_typed_repository": {"executed_lines": [], "summary": {"covered_lines": 0, "num_statements": 2, "percent_covered": 0.0, "percent_covered_display": "0", "missing_lines": 2, "excluded_lines": 0, "percent_statements_covered": 0.0, "percent_statements_covered_display": "0"}, "missing_lines": [553, 554], "excluded_lines": [], "start_line": 548}, "SFMRepositoryFactory.create_relationship_repository": {"executed_lines": [], "summary": {"covered_lines": 0, "num_statements": 2, "percent_covered": 0.0, "percent_covered_display": "0", "missing_lines": 2, "excluded_lines": 0, "percent_statements_covered": 0.0, "percent_statements_covered_display": "0"}, "missing_lines": [561, 562], "excluded_lines": [], "start_line": 557}, "": {"executed_lines": [7, 8, 9, 10, 11, 14, 66, 67, 75, 77, 84, 86, 90, 94, 98, 102, 105, 111, 112, 116, 117, 121, 122, 126, 127, 131, 132, 136, 137, 141, 142, 146, 147, 151, 152, 156, 157, 163, 164, 173, 174, 178, 179, 183, 184, 189, 195, 199, 214, 222, 234, 243, 257, 289, 298, 314, 325, 341, 367, 381, 394, 400, 405, 416, 426, 435, 445, 449, 454, 472, 475, 478, 482, 486, 490, 494, 498, 502, 506, 510, 520, 523, 524, 547, 548, 556, 557], "summary": {"covered_lines": 87, "num_statements": 87, "percent_covered": 100.0, "percent_covered_display": "100", "missing_lines": 0, "excluded_lines": 0, "percent_statements_covered": 100.0, "percent_statements_covered_display": "100"}, "missing_lines": [], "excluded_lines": [], "start_line": 1}}, "classes": {"Relationship": {"executed_lines": [], "summary": {"covered_lines": 0, "num_statements": 4, "percent_covered": 0.0, "percent_covered_display": "0", "missing_lines": 4, "excluded_lines": 0, "percent_statements_covered": 0.0, "percent_statements_covered_display": "0"}, "missing_lines": [78, 79, 80, 81], "excluded_lines": [], "start_line": 75}, "SFMGraph": {"executed_lines": [], "summary": {"covered_lines": 0, "num_statements": 5, "percent_covered": 0.0, "percent_covered_display": "0", "missing_lines": 5, "excluded_lines": 0, "percent_statements_covered": 0.0, "percent_statements_covered_display": "0"}, "missing_lines": [87, 88, 92, 96, 100], "excluded_lines": [], "start_line": 84}, "SFMRepository": {"executed_lines": [], "summary": {"covered_lines": 0, "num_statements": 14, "percent_covered": 0.0, "percent_covered_display": "0", "missing_lines": 14, "excluded_lines": 0, "percent_statements_covered": 0.0, "percent_statements_covered_display": "0"}, "missing_lines": [114, 119, 124, 129, 134, 139, 144, 149, 154, 161, 171, 176, 181, 186], "excluded_lines": [], "start_line": 105}, "NetworkXSFMRepository": {"executed_lines": [197, 201, 203, 211, 212, 216, 217, 220, 224, 225, 231, 232, 236, 237, 240, 241, 245, 247, 248, 249, 252, 253, 255, 259, 260, 261, 264, 269, 276, 277, 286, 287, 292, 293, 294, 296, 317, 318, 320, 321, 329, 331, 332, 333, 336, 337, 339, 396], "summary": {"covered_lines": 48, "num_statements": 85, "percent_covered": 56.470588235294116, "percent_covered_display": "56", "missing_lines": 37, "excluded_lines": 0, "percent_statements_covered": 56.470588235294116, "percent_statements_covered_display": "56"}, "missing_lines": [204, 250, 265, 270, 278, 300, 303, 304, 306, 307, 309, 323, 334, 348, 350, 351, 352, 353, 356, 357, 358, 359, 360, 361, 363, 365, 369, 372, 373, 376, 377, 379, 384, 387, 388, 391, 392], "excluded_lines": [], "start_line": 189}, "TypedSFMRepository": {"executed_lines": [413, 414, 418, 423, 424, 451, 452], "summary": {"covered_lines": 7, "num_statements": 28, "percent_covered": 25.0, "percent_covered_display": "25", "missing_lines": 21, "excluded_lines": 0, "percent_statements_covered": 25.0, "percent_statements_covered_display": "25"}, "missing_lines": [419, 428, 430, 431, 433, 437, 438, 442, 443, 447, 456, 458, 459, 460, 461, 462, 463, 464, 466, 467, 469], "excluded_lines": [], "start_line": 400}, "RelationshipRepository": {"executed_lines": [], "summary": {"covered_lines": 0, "num_statements": 10, "percent_covered": 0.0, "percent_covered_display": "0", "missing_lines": 10, "excluded_lines": 0, "percent_statements_covered": 0.0, "percent_statements_covered_display": "0"}, "missing_lines": [476, 480, 484, 488, 492, 496, 500, 504, 508, 514], "excluded_lines": [], "start_line": 472}, "SFMRepositoryFactory": {"executed_lines": [538, 539, 541], "summary": {"covered_lines": 3, "num_statements": 7, "percent_covered": 42.857142857142854, "percent_covered_display": "43", "missing_lines": 4, "excluded_lines": 0, "percent_statements_covered": 42.857142857142854, "percent_statements_covered_display": "43"}, "missing_lines": [553, 554, 561, 562], "excluded_lines": [], "start_line": 520}, "": {"executed_lines": [7, 8, 9, 10, 11, 14, 66, 67, 75, 77, 84, 86, 90, 94, 98, 102, 105, 111, 112, 116, 117, 121, 122, 126, 127, 131, 132, 136, 137, 141, 142, 146, 147, 151, 152, 156, 157, 163, 164, 173, 174, 178, 179, 183, 184, 189, 195, 199, 214, 222, 234, 243, 257, 289, 298, 314, 325, 341, 367, 381, 394, 400, 405, 416, 426, 435, 445, 449, 454, 472, 475, 478, 482, 486, 490, 494, 498, 502, 506, 510, 520, 523, 524, 547, 548, 556, 557], "summary": {"covered_lines": 87, "num_statements": 87, "percent_covered": 100.0, "percent_covered_display": "100", "missing_lines": 0, "excluded_lines": 0, "percent_statements_covered": 100.0, "percent_statements_covered_display": "100"}, "missing_lines": [], "excluded_lines": [], "start_line": 1}}}, "graph/__init__.py": {"executed_lines": [6, 11, 21], "summary": {"covered_lines": 3, "num_statements": 3, "percent_covered": 100.0, "percent_covered_display": "100", "missing_lines": 0, "excluded_lines": 0, "percent_statements_covered": 100.0, "percent_statements_covered_display": "100"}, "missing_lines": [], "excluded_lines": [], "functions": {"": {"executed_lines": [6, 11, 21], "summary": {"covered_lines": 3, "num_statements": 3, "percent_covered": 100.0, "percent_covered_display": "100", "missing_lines": 0, "excluded_lines": 0, "percent_statements_covered": 100.0, "percent_statements_covered_display": "100"}, "missing_lines": [], "excluded_lines": [], "start_line": 1}}, "classes": {"": {"executed_lines": [6, 11, 21], "summary": {"covered_lines": 3, "num_statements": 3, "percent_covered": 100.0, "percent_covered_display": "100", "missing_lines": 0, "excluded_lines": 0, "percent_statements_covered": 100.0, "percent_statements_covered_display": "100"}, "missing_lines": [], "excluded_lines": [], "start_line": 1}}}, "graph/sfm_graph.py": {"executed_lines": [8, 10, 11, 12, 13, 14, 16, 17, 20, 23, 24, 27, 28, 29, 30, 33, 34, 37, 38, 39, 40, 41, 42, 45, 46, 49, 50, 51, 54, 55, 56, 59, 60, 61, 62, 63, 66, 67, 70, 72, 74, 76, 78, 79, 80, 82, 84, 85, 86, 88, 90, 92, 94, 96, 98, 100, 102, 104, 106, 107, 108, 109, 111, 113, 115, 118, 119, 122, 123, 124, 125, 128, 130, 131, 133, 134, 136, 138, 140, 142, 143, 145, 146, 147, 148, 149, 150], "summary": {"covered_lines": 87, "num_statements": 90, "percent_covered": 96.66666666666667, "percent_covered_display": "97", "missing_lines": 3, "excluded_lines": 0, "percent_statements_covered": 96.66666666666667, "percent_statements_covered_display": "97"}, "missing_lines": [151, 152, 153], "excluded_lines": [], "functions": {"SFMGraph.__post_init__": {"executed_lines": [74], "summary": {"covered_lines": 1, "num_statements": 1, "percent_covered": 100.0, "percent_covered_display": "100", "missing_lines": 0, "excluded_lines": 0, "percent_statements_covered": 100.0, "percent_statements_covered_display": "100"}, "missing_lines": [], "excluded_lines": [], "start_line": 72}, "SFMGraph.add_node": {"executed_lines": [78, 79, 80], "summary": {"covered_lines": 3, "num_statements": 3, "percent_covered": 100.0, "percent_covered_display": "100", "missing_lines": 0, "excluded_lines": 0, "percent_statements_covered": 100.0, "percent_statements_covered_display": "100"}, "missing_lines": [], "excluded_lines": [], "start_line": 76}, "SFMGraph.add_relationship": {"executed_lines": [84, 85, 86], "summary": {"covered_lines": 3, "num_statements": 3, "percent_covered": 100.0, "percent_covered_display": "100", "missing_lines": 0, "excluded_lines": 0, "percent_statements_covered": 100.0, "percent_statements_covered_display": "100"}, "missing_lines": [], "excluded_lines": [], "start_line": 82}, "SFMGraph._find_node_by_id": {"executed_lines": [90], "summary": {"covered_lines": 1, "num_statements": 1, "percent_covered": 100.0, "percent_covered_display": "100", "missing_lines": 0, "excluded_lines": 0, "percent_statements_covered": 100.0, "percent_statements_covered_display": "100"}, "missing_lines": [], "excluded_lines": [], "start_line": 88}, "SFMGraph.get_node_by_id": {"executed_lines": [94], "summary": {"covered_lines": 1, "num_statements": 1, "percent_covered": 100.0, "percent_covered_display": "100", "missing_lines": 0, "excluded_lines": 0, "percent_statements_covered": 100.0, "percent_statements_covered_display": "100"}, "missing_lines": [], "excluded_lines": [], "start_line": 92}, "SFMGraph.__iter__": {"executed_lines": [98], "summary": {"covered_lines": 1, "num_statements": 1, "percent_covered": 100.0, "percent_covered_display": "100", "missing_lines": 0, "excluded_lines": 0, "percent_statements_covered": 100.0, "percent_statements_covered_display": "100"}, "missing_lines": [], "excluded_lines": [], "start_line": 96}, "SFMGraph.__len__": {"executed_lines": [102], "summary": {"covered_lines": 1, "num_statements": 1, "percent_covered": 100.0, "percent_covered_display": "100", "missing_lines": 0, "excluded_lines": 0, "percent_statements_covered": 100.0, "percent_statements_covered_display": "100"}, "missing_lines": [], "excluded_lines": [], "start_line": 100}, "SFMGraph.clear": {"executed_lines": [106, 107, 108, 109], "summary": {"covered_lines": 4, "num_statements": 4, "percent_covered": 100.0, "percent_covered_display": "100", "missing_lines": 0, "excluded_lines": 0, "percent_statements_covered": 100.0, "percent_statements_covered_display": "100"}, "missing_lines": [], "excluded_lines": [], "start_line": 104}, "SFMGraph._clear_relationship_cache": {"executed_lines": [113], "summary": {"covered_lines": 1, "num_statements": 1, "percent_covered": 100.0, "percent_covered_display": "100", "missing_lines": 0, "excluded_lines": 0, "percent_statements_covered": 100.0, "percent_statements_covered_display": "100"}, "missing_lines": [], "excluded_lines": [], "start_line": 111}, "SFMGraph.get_node_relationships": {"executed_lines": [118, 119, 122, 123, 124, 125, 128, 130, 131, 133, 134], "summary": {"covered_lines": 11, "num_statements": 11, "percent_covered": 100.0, "percent_covered_display": "100", "missing_lines": 0, "excluded_lines": 0, "percent_statements_covered": 100.0, "percent_statements_covered_display": "100"}, "missing_lines": [], "excluded_lines": [], "start_line": 115}, "SFMGraph.get_all_node_ids": {"executed_lines": [138], "summary": {"covered_lines": 1, "num_statements": 1, "percent_covered": 100.0, "percent_covered_display": "100", "missing_lines": 0, "excluded_lines": 0, "percent_statements_covered": 100.0, "percent_statements_covered_display": "100"}, "missing_lines": [], "excluded_lines": [], "start_line": 136}, "SFMGraph.remove_node_from_memory": {"executed_lines": [142, 143, 145, 146, 147, 148, 149, 150], "summary": {"covered_lines": 8, "num_statements": 11, "percent_covered": 72.72727272727273, "percent_covered_display": "73", "missing_lines": 3, "excluded_lines": 0, "percent_statements_covered": 72.72727272727273, "percent_statements_covered_display": "73"}, "missing_lines": [151, 152, 153], "excluded_lines": [], "start_line": 140}, "": {"executed_lines": [8, 10, 11, 12, 13, 14, 16, 17, 20, 23, 24, 27, 28, 29, 30, 33, 34, 37, 38, 39, 40, 41, 42, 45, 46, 49, 50, 51, 54, 55, 56, 59, 60, 61, 62, 63, 66, 67, 70, 72, 76, 82, 88, 92, 96, 100, 104, 111, 115, 136, 140], "summary": {"covered_lines": 51, "num_statements": 51, "percent_covered": 100.0, "percent_covered_display": "100", "missing_lines": 0, "excluded_lines": 0, "percent_statements_covered": 100.0, "percent_statements_covered_display": "100"}, "missing_lines": [], "excluded_lines": [], "start_line": 1}}, "classes": {"NetworkMetrics": {"executed_lines": [], "summary": {"covered_lines": 0, "num_statements": 0, "percent_covered": 100.0, "percent_covered_display": "100", "missing_lines": 0, "excluded_lines": 0, "percent_statements_covered": 100.0, "percent_statements_covered_display": "100"}, "missing_lines": [], "excluded_lines": [], "start_line": 24}, "Relationship": {"executed_lines": [], "summary": {"covered_lines": 0, "num_statements": 0, "percent_covered": 100.0, "percent_covered_display": "100", "missing_lines": 0, "excluded_lines": 0, "percent_statements_covered": 100.0, "percent_statements_covered_display": "100"}, "missing_lines": [], "excluded_lines": [], "start_line": 34}, "SFMGraph": {"executed_lines": [74, 78, 79, 80, 84, 85, 86, 90, 94, 98, 102, 106, 107, 108, 109, 113, 118, 119, 122, 123, 124, 125, 128, 130, 131, 133, 134, 138, 142, 143, 145, 146, 147, 148, 149, 150], "summary": {"covered_lines": 36, "num_statements": 39, "percent_covered": 92.3076923076923, "percent_covered_display": "92", "missing_lines": 3, "excluded_lines": 0, "percent_statements_covered": 92.3076923076923, "percent_statements_covered_display": "92"}, "missing_lines": [151, 152, 153], "excluded_lines": [], "start_line": 46}, "": {"executed_lines": [8, 10, 11, 12, 13, 14, 16, 17, 20, 23, 24, 27, 28, 29, 30, 33, 34, 37, 38, 39, 40, 41, 42, 45, 46, 49, 50, 51, 54, 55, 56, 59, 60, 61, 62, 63, 66, 67, 70, 72, 76, 82, 88, 92, 96, 100, 104, 111, 115, 136, 140], "summary": {"covered_lines": 51, "num_statements": 51, "percent_covered": 100.0, "percent_covered_display": "100", "missing_lines": 0, "excluded_lines": 0, "percent_statements_covered": 100.0, "percent_statements_covered_display": "100"}, "missing_lines": [], "excluded_lines": [], "start_line": 1}}}, "graph/sfm_persistence.py": {"executed_lines": [14, 15, 16, 17, 18, 19, 20, 21, 22, 23, 24, 27, 71, 74, 76, 77, 78, 79, 82, 83, 87, 88, 89, 90, 91, 92, 93, 94, 96, 97, 98, 101, 105, 109, 113, 156, 157, 162, 171, 172, 174, 176, 177, 178, 179, 180, 181, 189, 191, 192, 197, 198, 201, 202, 206, 207, 210, 212, 213, 214, 221, 224, 225, 227, 228, 229, 238, 239, 241, 242, 243, 245, 247, 249, 250, 256, 257, 259, 262, 263, 264, 265, 266, 269, 270, 271, 278, 291, 292, 302, 303, 305, 306, 309, 310, 311, 321, 322, 325, 327, 330, 331, 332, 333, 334, 335, 340, 341, 342, 343, 344, 350, 354, 357, 360, 362, 363, 364, 366, 373, 376, 379, 380, 383, 393, 394, 396, 402, 404, 405, 408, 409, 412, 414, 415, 419], "summary": {"covered_lines": 136, "num_statements": 171, "percent_covered": 79.53216374269006, "percent_covered_display": "80", "missing_lines": 35, "excluded_lines": 0, "percent_statements_covered": 79.53216374269006, "percent_statements_covered_display": "80"}, "missing_lines": [175, 184, 185, 186, 187, 199, 203, 215, 216, 230, 231, 233, 235, 236, 246, 252, 253, 254, 294, 295, 296, 297, 298, 299, 300, 307, 313, 314, 316, 318, 319, 336, 337, 351, 352], "excluded_lines": [], "functions": {"GraphMetadata.__post_init__": {"executed_lines": [97, 98], "summary": {"covered_lines": 2, "num_statements": 2, "percent_covered": 100.0, "percent_covered_display": "100", "missing_lines": 0, "excluded_lines": 0, "percent_statements_covered": 100.0, "percent_statements_covered_display": "100"}, "missing_lines": [], "excluded_lines": [], "start_line": 96}, "NodeSerializer.node_to_dict": {"executed_lines": [162, 171, 172, 174, 176, 177, 178, 179, 180, 181, 189], "summary": {"covered_lines": 11, "num_statements": 16, "percent_covered": 68.75, "percent_covered_display": "69", "missing_lines": 5, "excluded_lines": 0, "percent_statements_covered": 68.75, "percent_statements_covered_display": "69"}, "missing_lines": [175, 184, 185, 186, 187], "excluded_lines": [], "start_line": 157}, "NodeSerializer.dict_to_node": {"executed_lines": [197, 198, 201, 202, 206, 207, 210, 212, 213, 214], "summary": {"covered_lines": 10, "num_statements": 14, "percent_covered": 71.42857142857143, "percent_covered_display": "71", "missing_lines": 4, "excluded_lines": 0, "percent_statements_covered": 71.42857142857143, "percent_statements_covered_display": "71"}, "missing_lines": [199, 203, 215, 216], "excluded_lines": [], "start_line": 192}, "SFMGraphSerializer.serialize_graph": {"executed_lines": [227, 228, 229], "summary": {"covered_lines": 3, "num_statements": 8, "percent_covered": 37.5, "percent_covered_display": "38", "missing_lines": 5, "excluded_lines": 0, "percent_statements_covered": 37.5, "percent_statements_covered_display": "38"}, "missing_lines": [230, 231, 233, 235, 236], "excluded_lines": [], "start_line": 225}, "SFMGraphSerializer._serialize_json": {"executed_lines": [241, 242, 243, 245, 247], "summary": {"covered_lines": 5, "num_statements": 6, "percent_covered": 83.33333333333333, "percent_covered_display": "83", "missing_lines": 1, "excluded_lines": 0, "percent_statements_covered": 83.33333333333333, "percent_statements_covered_display": "83"}, "missing_lines": [246], "excluded_lines": [], "start_line": 239}, "SFMGraphSerializer._serialize_pickle": {"executed_lines": [], "summary": {"covered_lines": 0, "num_statements": 3, "percent_covered": 0.0, "percent_covered_display": "0", "missing_lines": 3, "excluded_lines": 0, "percent_statements_covered": 0.0, "percent_statements_covered_display": "0"}, "missing_lines": [252, 253, 254], "excluded_lines": [], "start_line": 250}, "SFMGraphSerializer._graph_to_dict": {"executed_lines": [259, 262, 263, 264, 265, 266, 269, 270, 271, 278], "summary": {"covered_lines": 10, "num_statements": 10, "percent_covered": 100.0, "percent_covered_display": "100", "missing_lines": 0, "excluded_lines": 0, "percent_statements_covered": 100.0, "percent_statements_covered_display": "100"}, "missing_lines": [], "excluded_lines": [], "start_line": 257}, "SFMGraphSerializer.json_serializer": {"executed_lines": [], "summary": {"covered_lines": 0, "num_statements": 7, "percent_covered": 0.0, "percent_covered_display": "0", "missing_lines": 7, "excluded_lines": 0, "percent_statements_covered": 0.0, "percent_statements_covered_display": "0"}, "missing_lines": [294, 295, 296, 297, 298, 299, 300], "excluded_lines": [], "start_line": 292}, "SFMGraphSerializer.deserialize_graph": {"executed_lines": [305, 306, 309, 310, 311], "summary": {"covered_lines": 5, "num_statements": 11, "percent_covered": 45.45454545454545, "percent_covered_display": "45", "missing_lines": 6, "excluded_lines": 0, "percent_statements_covered": 45.45454545454545, "percent_statements_covered_display": "45"}, "missing_lines": [307, 313, 314, 316, 318, 319], "excluded_lines": [], "start_line": 303}, "SFMGraphSerializer._dict_to_graph": {"executed_lines": [325, 327, 330, 331, 332, 333, 334, 335, 340, 341, 342, 343, 344, 350, 354], "summary": {"covered_lines": 15, "num_statements": 19, "percent_covered": 78.94736842105263, "percent_covered_display": "79", "missing_lines": 4, "excluded_lines": 0, "percent_statements_covered": 78.94736842105263, "percent_statements_covered_display": "79"}, "missing_lines": [336, 337, 351, 352], "excluded_lines": [], "start_line": 322}, "SFMPersistenceManager.__init__": {"executed_lines": [362, 363, 364], "summary": {"covered_lines": 3, "num_statements": 3, "percent_covered": 100.0, "percent_covered_display": "100", "missing_lines": 0, "excluded_lines": 0, "percent_statements_covered": 100.0, "percent_statements_covered_display": "100"}, "missing_lines": [], "excluded_lines": [], "start_line": 360}, "SFMPersistenceManager.save_graph": {"executed_lines": [373, 376, 379, 380, 383, 393, 394], "summary": {"covered_lines": 7, "num_statements": 7, "percent_covered": 100.0, "percent_covered_display": "100", "missing_lines": 0, "excluded_lines": 0, "percent_statements_covered": 100.0, "percent_statements_covered_display": "100"}, "missing_lines": [], "excluded_lines": [], "start_line": 366}, "SFMPersistenceManager.load_graph": {"executed_lines": [402, 404, 405, 408, 409, 412, 414, 415], "summary": {"covered_lines": 8, "num_statements": 8, "percent_covered": 100.0, "percent_covered_display": "100", "missing_lines": 0, "excluded_lines": 0, "percent_statements_covered": 100.0, "percent_statements_covered_display": "100"}, "missing_lines": [], "excluded_lines": [], "start_line": 396}, "": {"executed_lines": [14, 15, 16, 17, 18, 19, 20, 21, 22, 23, 24, 27, 71, 74, 76, 77, 78, 79, 82, 83, 87, 88, 89, 90, 91, 92, 93, 94, 96, 101, 105, 109, 113, 156, 157, 191, 192, 221, 224, 225, 238, 239, 249, 250, 256, 257, 291, 292, 302, 303, 321, 322, 357, 360, 366, 396, 419], "summary": {"covered_lines": 57, "num_statements": 57, "percent_covered": 100.0, "percent_covered_display": "100", "missing_lines": 0, "excluded_lines": 0, "percent_statements_covered": 100.0, "percent_statements_covered_display": "100"}, "missing_lines": [], "excluded_lines": [], "start_line": 1}}, "classes": {"StorageFormat": {"executed_lines": [], "summary": {"covered_lines": 0, "num_statements": 0, "percent_covered": 100.0, "percent_covered_display": "100", "missing_lines": 0, "excluded_lines": 0, "percent_statements_covered": 100.0, "percent_statements_covered_display": "100"}, "missing_lines": [], "excluded_lines": [], "start_line": 74}, "GraphMetadata": {"executed_lines": [97, 98], "summary": {"covered_lines": 2, "num_statements": 2, "percent_covered": 100.0, "percent_covered_display": "100", "missing_lines": 0, "excluded_lines": 0, "percent_statements_covered": 100.0, "percent_statements_covered_display": "100"}, "missing_lines": [], "excluded_lines": [], "start_line": 83}, "SFMSerializationError": {"executed_lines": [], "summary": {"covered_lines": 0, "num_statements": 0, "percent_covered": 100.0, "percent_covered_display": "100", "missing_lines": 0, "excluded_lines": 0, "percent_statements_covered": 100.0, "percent_statements_covered_display": "100"}, "missing_lines": [], "excluded_lines": [], "start_line": 101}, "SFMPersistenceError": {"executed_lines": [], "summary": {"covered_lines": 0, "num_statements": 0, "percent_covered": 100.0, "percent_covered_display": "100", "missing_lines": 0, "excluded_lines": 0, "percent_statements_covered": 100.0, "percent_statements_covered_display": "100"}, "missing_lines": [], "excluded_lines": [], "start_line": 105}, "NodeSerializer": {"executed_lines": [162, 171, 172, 174, 176, 177, 178, 179, 180, 181, 189, 197, 198, 201, 202, 206, 207, 210, 212, 213, 214], "summary": {"covered_lines": 21, "num_statements": 30, "percent_covered": 70.0, "percent_covered_display": "70", "missing_lines": 9, "excluded_lines": 0, "percent_statements_covered": 70.0, "percent_statements_covered_display": "70"}, "missing_lines": [175, 184, 185, 186, 187, 199, 203, 215, 216], "excluded_lines": [], "start_line": 109}, "SFMGraphSerializer": {"executed_lines": [227, 228, 229, 241, 242, 243, 245, 247, 259, 262, 263, 264, 265, 266, 269, 270, 271, 278, 305, 306, 309, 310, 311, 325, 327, 330, 331, 332, 333, 334, 335, 340, 341, 342, 343, 344, 350, 354], "summary": {"covered_lines": 38, "num_statements": 64, "percent_covered": 59.375, "percent_covered_display": "59", "missing_lines": 26, "excluded_lines": 0, "percent_statements_covered": 59.375, "percent_statements_covered_display": "59"}, "missing_lines": [230, 231, 233, 235, 236, 246, 252, 253, 254, 294, 295, 296, 297, 298, 299, 300, 307, 313, 314, 316, 318, 319, 336, 337, 351, 352], "excluded_lines": [], "start_line": 221}, "SFMPersistenceManager": {"executed_lines": [362, 363, 364, 373, 376, 379, 380, 383, 393, 394, 402, 404, 405, 408, 409, 412, 414, 415], "summary": {"covered_lines": 18, "num_statements": 18, "percent_covered": 100.0, "percent_covered_display": "100", "missing_lines": 0, "excluded_lines": 0, "percent_statements_covered": 100.0, "percent_statements_covered_display": "100"}, "missing_lines": [], "excluded_lines": [], "start_line": 357}, "": {"executed_lines": [14, 15, 16, 17, 18, 19, 20, 21, 22, 23, 24, 27, 71, 74, 76, 77, 78, 79, 82, 83, 87, 88, 89, 90, 91, 92, 93, 94, 96, 101, 105, 109, 113, 156, 157, 191, 192, 221, 224, 225, 238, 239, 249, 250, 256, 257, 291, 292, 302, 303, 321, 322, 357, 360, 366, 396, 419], "summary": {"covered_lines": 57, "num_statements": 57, "percent_covered": 100.0, "percent_covered_display": "100", "missing_lines": 0, "excluded_lines": 0, "percent_statements_covered": 100.0, "percent_statements_covered_display": "100"}, "missing_lines": [], "excluded_lines": [], "start_line": 1}}}, "graph/sfm_query.py": {"executed_lines": [7, 8, 9, 10, 11, 12, 14, 16, 17, 18, 19, 20, 21, 24, 35, 38, 39, 40, 41, 42, 43, 44, 45, 46, 47, 48, 51, 52, 62, 63, 74, 75, 84, 87, 88, 92, 93, 98, 99, 107, 108, 118, 119, 127, 128, 133, 134, 139, 140, 143, 144, 151, 152, 159, 160, 177, 178, 195, 196, 212, 213, 228, 231, 232, 233, 235, 237, 240, 241, 244, 245, 254, 256, 260, 261, 262, 263, 264, 265, 269, 271, 278, 279, 288, 295, 298, 301, 303, 310, 311, 313, 314, 322, 331, 338, 339, 340, 342, 343, 347, 349, 350, 351, 352, 353, 354, 358, 360, 361, 363, 364, 367, 368, 371, 373, 375, 377, 381, 382, 384, 385, 386, 388, 389, 390, 391, 395, 397, 407, 413, 414, 415, 417, 430, 434, 440, 442, 443, 444, 445, 446, 451, 452, 453, 456, 458, 461, 463, 465, 469, 472, 476, 477, 481, 483, 484, 485, 486, 487, 488, 489, 490, 493, 494, 495, 498, 499, 501, 505, 515, 516, 520, 521, 559, 561, 563, 566, 567, 569, 570, 577, 578, 587, 589, 590, 591, 592, 593, 595, 596, 598, 599, 600, 609, 612, 615, 616, 620, 621, 623], "summary": {"covered_lines": 200, "num_statements": 259, "percent_covered": 77.22007722007721, "percent_covered_display": "77", "missing_lines": 59, "excluded_lines": 0, "percent_statements_covered": 77.22007722007721, "percent_statements_covered_display": "77"}, "missing_lines": [267, 280, 281, 282, 283, 285, 289, 315, 316, 317, 318, 319, 320, 321, 325, 326, 327, 328, 329, 344, 345, 355, 356, 365, 392, 393, 398, 448, 457, 459, 473, 478, 517, 522, 523, 524, 525, 526, 530, 531, 533, 534, 535, 537, 538, 541, 542, 543, 544, 545, 546, 547, 548, 550, 553, 554, 555, 556, 557], "excluded_lines": [], "functions": {"SFMQueryEngine.__init__": {"executed_lines": [88], "summary": {"covered_lines": 1, "num_statements": 1, "percent_covered": 100.0, "percent_covered_display": "100", "missing_lines": 0, "excluded_lines": 0, "percent_statements_covered": 100.0, "percent_statements_covered_display": "100"}, "missing_lines": [], "excluded_lines": [], "start_line": 87}, "SFMQueryEngine.get_node_centrality": {"executed_lines": [], "summary": {"covered_lines": 0, "num_statements": 0, "percent_covered": 100.0, "percent_covered_display": "100", "missing_lines": 0, "excluded_lines": 0, "percent_statements_covered": 100.0, "percent_statements_covered_display": "100"}, "missing_lines": [], "excluded_lines": [], "start_line": 93}, "SFMQueryEngine.get_most_central_nodes": {"executed_lines": [], "summary": {"covered_lines": 0, "num_statements": 0, "percent_covered": 100.0, "percent_covered_display": "100", "missing_lines": 0, "excluded_lines": 0, "percent_statements_covered": 100.0, "percent_statements_covered_display": "100"}, "missing_lines": [], "excluded_lines": [], "start_line": 99}, "SFMQueryEngine.get_node_neighbors": {"executed_lines": [], "summary": {"covered_lines": 0, "num_statements": 0, "percent_covered": 100.0, "percent_covered_display": "100", "missing_lines": 0, "excluded_lines": 0, "percent_statements_covered": 100.0, "percent_statements_covered_display": "100"}, "missing_lines": [], "excluded_lines": [], "start_line": 108}, "SFMQueryEngine.find_shortest_path": {"executed_lines": [], "summary": {"covered_lines": 0, "num_statements": 0, "percent_covered": 100.0, "percent_covered_display": "100", "missing_lines": 0, "excluded_lines": 0, "percent_statements_covered": 100.0, "percent_statements_covered_display": "100"}, "missing_lines": [], "excluded_lines": [], "start_line": 119}, "SFMQueryEngine.find_cycles": {"executed_lines": [], "summary": {"covered_lines": 0, "num_statements": 0, "percent_covered": 100.0, "percent_covered_display": "100", "missing_lines": 0, "excluded_lines": 0, "percent_statements_covered": 100.0, "percent_statements_covered_display": "100"}, "missing_lines": [], "excluded_lines": [], "start_line": 128}, "SFMQueryEngine.identify_bottlenecks": {"executed_lines": [], "summary": {"covered_lines": 0, "num_statements": 0, "percent_covered": 100.0, "percent_covered_display": "100", "missing_lines": 0, "excluded_lines": 0, "percent_statements_covered": 100.0, "percent_statements_covered_display": "100"}, "missing_lines": [], "excluded_lines": [], "start_line": 134}, "SFMQueryEngine.get_network_density": {"executed_lines": [], "summary": {"covered_lines": 0, "num_statements": 0, "percent_covered": 100.0, "percent_covered_display": "100", "missing_lines": 0, "excluded_lines": 0, "percent_statements_covered": 100.0, "percent_statements_covered_display": "100"}, "missing_lines": [], "excluded_lines": [], "start_line": 140}, "SFMQueryEngine.identify_communities": {"executed_lines": [], "summary": {"covered_lines": 0, "num_statements": 0, "percent_covered": 100.0, "percent_covered_display": "100", "missing_lines": 0, "excluded_lines": 0, "percent_statements_covered": 100.0, "percent_statements_covered_display": "100"}, "missing_lines": [], "excluded_lines": [], "start_line": 144}, "SFMQueryEngine.comprehensive_node_analysis": {"executed_lines": [], "summary": {"covered_lines": 0, "num_statements": 0, "percent_covered": 100.0, "percent_covered_display": "100", "missing_lines": 0, "excluded_lines": 0, "percent_statements_covered": 100.0, "percent_statements_covered_display": "100"}, "missing_lines": [], "excluded_lines": [], "start_line": 152}, "SFMQueryEngine.query_ceremonial_vs_instrumental": {"executed_lines": [], "summary": {"covered_lines": 0, "num_statements": 0, "percent_covered": 100.0, "percent_covered_display": "100", "missing_lines": 0, "excluded_lines": 0, "percent_statements_covered": 100.0, "percent_statements_covered_display": "100"}, "missing_lines": [], "excluded_lines": [], "start_line": 160}, "SFMQueryEngine.query_circular_causation_paths": {"executed_lines": [], "summary": {"covered_lines": 0, "num_statements": 0, "percent_covered": 100.0, "percent_covered_display": "100", "missing_lines": 0, "excluded_lines": 0, "percent_statements_covered": 100.0, "percent_statements_covered_display": "100"}, "missing_lines": [], "excluded_lines": [], "start_line": 178}, "SFMQueryEngine.query_holarchy_levels": {"executed_lines": [], "summary": {"covered_lines": 0, "num_statements": 0, "percent_covered": 100.0, "percent_covered_display": "100", "missing_lines": 0, "excluded_lines": 0, "percent_statements_covered": 100.0, "percent_statements_covered_display": "100"}, "missing_lines": [], "excluded_lines": [], "start_line": 196}, "SFMQueryEngine.detect_conflicts": {"executed_lines": [], "summary": {"covered_lines": 0, "num_statements": 0, "percent_covered": 100.0, "percent_covered_display": "100", "missing_lines": 0, "excluded_lines": 0, "percent_statements_covered": 100.0, "percent_statements_covered_display": "100"}, "missing_lines": [], "excluded_lines": [], "start_line": 213}, "NetworkXSFMQueryEngine.__init__": {"executed_lines": [232, 233], "summary": {"covered_lines": 2, "num_statements": 2, "percent_covered": 100.0, "percent_covered_display": "100", "missing_lines": 0, "excluded_lines": 0, "percent_statements_covered": 100.0, "percent_statements_covered_display": "100"}, "missing_lines": [], "excluded_lines": [], "start_line": 231}, "NetworkXSFMQueryEngine._build_networkx_graph": {"executed_lines": [237, 240, 241, 244, 245, 254], "summary": {"covered_lines": 6, "num_statements": 6, "percent_covered": 100.0, "percent_covered_display": "100", "missing_lines": 0, "excluded_lines": 0, "percent_statements_covered": 100.0, "percent_statements_covered_display": "100"}, "missing_lines": [], "excluded_lines": [], "start_line": 235}, "NetworkXSFMQueryEngine.get_node_centrality": {"executed_lines": [260, 261, 262, 263, 264, 265, 269], "summary": {"covered_lines": 7, "num_statements": 8, "percent_covered": 87.5, "percent_covered_display": "88", "missing_lines": 1, "excluded_lines": 0, "percent_statements_covered": 87.5, "percent_statements_covered_display": "88"}, "missing_lines": [267], "excluded_lines": [], "start_line": 256}, "NetworkXSFMQueryEngine.get_most_central_nodes": {"executed_lines": [278, 279, 288, 295, 298, 301], "summary": {"covered_lines": 6, "num_statements": 12, "percent_covered": 50.0, "percent_covered_display": "50", "missing_lines": 6, "excluded_lines": 0, "percent_statements_covered": 50.0, "percent_statements_covered_display": "50"}, "missing_lines": [280, 281, 282, 283, 285, 289], "excluded_lines": [], "start_line": 271}, "NetworkXSFMQueryEngine.get_node_neighbors": {"executed_lines": [310, 311, 313, 314, 322], "summary": {"covered_lines": 5, "num_statements": 17, "percent_covered": 29.41176470588235, "percent_covered_display": "29", "missing_lines": 12, "excluded_lines": 0, "percent_statements_covered": 29.41176470588235, "percent_statements_covered_display": "29"}, "missing_lines": [315, 316, 317, 318, 319, 320, 321, 325, 326, 327, 328, 329], "excluded_lines": [], "start_line": 303}, "NetworkXSFMQueryEngine.find_shortest_path": {"executed_lines": [338, 339, 340, 342, 343], "summary": {"covered_lines": 5, "num_statements": 7, "percent_covered": 71.42857142857143, "percent_covered_display": "71", "missing_lines": 2, "excluded_lines": 0, "percent_statements_covered": 71.42857142857143, "percent_statements_covered_display": "71"}, "missing_lines": [344, 345], "excluded_lines": [], "start_line": 331}, "NetworkXSFMQueryEngine.find_cycles": {"executed_lines": [349, 350, 351, 352, 353, 354], "summary": {"covered_lines": 6, "num_statements": 8, "percent_covered": 75.0, "percent_covered_display": "75", "missing_lines": 2, "excluded_lines": 0, "percent_statements_covered": 75.0, "percent_statements_covered_display": "75"}, "missing_lines": [355, 356], "excluded_lines": [], "start_line": 347}, "NetworkXSFMQueryEngine.identify_bottlenecks": {"executed_lines": [360, 361, 363, 364, 367, 368, 371], "summary": {"covered_lines": 7, "num_statements": 8, "percent_covered": 87.5, "percent_covered_display": "88", "missing_lines": 1, "excluded_lines": 0, "percent_statements_covered": 87.5, "percent_statements_covered_display": "88"}, "missing_lines": [365], "excluded_lines": [], "start_line": 358}, "NetworkXSFMQueryEngine.get_network_density": {"executed_lines": [375], "summary": {"covered_lines": 1, "num_statements": 1, "percent_covered": 100.0, "percent_covered_display": "100", "missing_lines": 0, "excluded_lines": 0, "percent_statements_covered": 100.0, "percent_statements_covered_display": "100"}, "missing_lines": [], "excluded_lines": [], "start_line": 373}, "NetworkXSFMQueryEngine.identify_communities": {"executed_lines": [381, 382, 384, 385, 386, 388, 389, 390, 391], "summary": {"covered_lines": 9, "num_statements": 11, "percent_covered": 81.81818181818181, "percent_covered_display": "82", "missing_lines": 2, "excluded_lines": 0, "percent_statements_covered": 81.81818181818181, "percent_statements_covered_display": "82"}, "missing_lines": [392, 393], "excluded_lines": [], "start_line": 377}, "NetworkXSFMQueryEngine.comprehensive_node_analysis": {"executed_lines": [397, 407, 413, 414, 415, 417], "summary": {"covered_lines": 6, "num_statements": 7, "percent_covered": 85.71428571428571, "percent_covered_display": "86", "missing_lines": 1, "excluded_lines": 0, "percent_statements_covered": 85.71428571428571, "percent_statements_covered_display": "86"}, "missing_lines": [398], "excluded_lines": [], "start_line": 395}, "NetworkXSFMQueryEngine.query_ceremonial_vs_instrumental": {"executed_lines": [434, 440, 442, 443, 444, 445, 446, 451, 452, 453, 456, 458, 461, 463], "summary": {"covered_lines": 14, "num_statements": 17, "percent_covered": 82.3529411764706, "percent_covered_display": "82", "missing_lines": 3, "excluded_lines": 0, "percent_statements_covered": 82.3529411764706, "percent_statements_covered_display": "82"}, "missing_lines": [448, 457, 459], "excluded_lines": [], "start_line": 430}, "NetworkXSFMQueryEngine.query_circular_causation_paths": {"executed_lines": [469, 472, 476, 498, 499], "summary": {"covered_lines": 5, "num_statements": 6, "percent_covered": 83.33333333333333, "percent_covered_display": "83", "missing_lines": 1, "excluded_lines": 0, "percent_statements_covered": 83.33333333333333, "percent_statements_covered_display": "83"}, "missing_lines": [473], "excluded_lines": [], "start_line": 465}, "NetworkXSFMQueryEngine.query_circular_causation_paths.dfs_paths": {"executed_lines": [477, 481, 483, 484, 485, 486, 487, 488, 489, 490, 493, 494, 495], "summary": {"covered_lines": 13, "num_statements": 14, "percent_covered": 92.85714285714286, "percent_covered_display": "93", "missing_lines": 1, "excluded_lines": 0, "percent_statements_covered": 92.85714285714286, "percent_statements_covered_display": "93"}, "missing_lines": [478], "excluded_lines": [], "start_line": 476}, "NetworkXSFMQueryEngine.query_holarchy_levels": {"executed_lines": [505, 515, 516, 520, 521, 559], "summary": {"covered_lines": 6, "num_statements": 33, "percent_covered": 18.181818181818183, "percent_covered_display": "18", "missing_lines": 27, "excluded_lines": 0, "percent_statements_covered": 18.181818181818183, "percent_statements_covered_display": "18"}, "missing_lines": [517, 522, 523, 524, 525, 526, 530, 531, 533, 534, 535, 537, 538, 541, 542, 543, 544, 545, 546, 547, 548, 550, 553, 554, 555, 556, 557], "excluded_lines": [], "start_line": 501}, "NetworkXSFMQueryEngine.detect_conflicts": {"executed_lines": [563, 566, 567, 569, 570, 577, 578, 587, 589, 590, 591, 592, 593, 595, 596, 598, 599, 600, 609], "summary": {"covered_lines": 19, "num_statements": 19, "percent_covered": 100.0, "percent_covered_display": "100", "missing_lines": 0, "excluded_lines": 0, "percent_statements_covered": 100.0, "percent_statements_covered_display": "100"}, "missing_lines": [], "excluded_lines": [], "start_line": 561}, "SFMQueryFactory.create_query_engine": {"executed_lines": [620, 621, 623], "summary": {"covered_lines": 3, "num_statements": 3, "percent_covered": 100.0, "percent_covered_display": "100", "missing_lines": 0, "excluded_lines": 0, "percent_statements_covered": 100.0, "percent_statements_covered_display": "100"}, "missing_lines": [], "excluded_lines": [], "start_line": 616}, "": {"executed_lines": [7, 8, 9, 10, 11, 12, 14, 16, 17, 18, 19, 20, 21, 24, 35, 38, 39, 40, 41, 42, 43, 44, 45, 46, 47, 48, 51, 52, 62, 63, 74, 75, 84, 87, 92, 93, 98, 99, 107, 108, 118, 119, 127, 128, 133, 134, 139, 140, 143, 144, 151, 152, 159, 160, 177, 178, 195, 196, 212, 213, 228, 231, 235, 256, 271, 303, 331, 347, 358, 373, 377, 395, 430, 465, 501, 561, 612, 615, 616], "summary": {"covered_lines": 79, "num_statements": 79, "percent_covered": 100.0, "percent_covered_display": "100", "missing_lines": 0, "excluded_lines": 0, "percent_statements_covered": 100.0, "percent_statements_covered_display": "100"}, "missing_lines": [], "excluded_lines": [], "start_line": 1}}, "classes": {"AnalysisType": {"executed_lines": [], "summary": {"covered_lines": 0, "num_statements": 0, "percent_covered": 100.0, "percent_covered_display": "100", "missing_lines": 0, "excluded_lines": 0, "percent_statements_covered": 100.0, "percent_statements_covered_display": "100"}, "missing_lines": [], "excluded_lines": [], "start_line": 35}, "QueryResult": {"executed_lines": [], "summary": {"covered_lines": 0, "num_statements": 0, "percent_covered": 100.0, "percent_covered_display": "100", "missing_lines": 0, "excluded_lines": 0, "percent_statements_covered": 100.0, "percent_statements_covered_display": "100"}, "missing_lines": [], "excluded_lines": [], "start_line": 52}, "NodeMetrics": {"executed_lines": [], "summary": {"covered_lines": 0, "num_statements": 0, "percent_covered": 100.0, "percent_covered_display": "100", "missing_lines": 0, "excluded_lines": 0, "percent_statements_covered": 100.0, "percent_statements_covered_display": "100"}, "missing_lines": [], "excluded_lines": [], "start_line": 63}, "FlowAnalysis": {"executed_lines": [], "summary": {"covered_lines": 0, "num_statements": 0, "percent_covered": 100.0, "percent_covered_display": "100", "missing_lines": 0, "excluded_lines": 0, "percent_statements_covered": 100.0, "percent_statements_covered_display": "100"}, "missing_lines": [], "excluded_lines": [], "start_line": 75}, "SFMQueryEngine": {"executed_lines": [88], "summary": {"covered_lines": 1, "num_statements": 1, "percent_covered": 100.0, "percent_covered_display": "100", "missing_lines": 0, "excluded_lines": 0, "percent_statements_covered": 100.0, "percent_statements_covered_display": "100"}, "missing_lines": [], "excluded_lines": [], "start_line": 84}, "NetworkXSFMQueryEngine": {"executed_lines": [232, 233, 237, 240, 241, 244, 245, 254, 260, 261, 262, 263, 264, 265, 269, 278, 279, 288, 295, 298, 301, 310, 311, 313, 314, 322, 338, 339, 340, 342, 343, 349, 350, 351, 352, 353, 354, 360, 361, 363, 364, 367, 368, 371, 375, 381, 382, 384, 385, 386, 388, 389, 390, 391, 397, 407, 413, 414, 415, 417, 434, 440, 442, 443, 444, 445, 446, 451, 452, 453, 456, 458, 461, 463, 469, 472, 476, 477, 481, 483, 484, 485, 486, 487, 488, 489, 490, 493, 494, 495, 498, 499, 505, 515, 516, 520, 521, 559, 563, 566, 567, 569, 570, 577, 578, 587, 589, 590, 591, 592, 593, 595, 596, 598, 599, 600, 609], "summary": {"covered_lines": 117, "num_statements": 176, "percent_covered": 66.47727272727273, "percent_covered_display": "66", "missing_lines": 59, "excluded_lines": 0, "percent_statements_covered": 66.47727272727273, "percent_statements_covered_display": "66"}, "missing_lines": [267, 280, 281, 282, 283, 285, 289, 315, 316, 317, 318, 319, 320, 321, 325, 326, 327, 328, 329, 344, 345, 355, 356, 365, 392, 393, 398, 448, 457, 459, 473, 478, 517, 522, 523, 524, 525, 526, 530, 531, 533, 534, 535, 537, 538, 541, 542, 543, 544, 545, 546, 547, 548, 550, 553, 554, 555, 556, 557], "excluded_lines": [], "start_line": 228}, "SFMQueryFactory": {"executed_lines": [620, 621, 623], "summary": {"covered_lines": 3, "num_statements": 3, "percent_covered": 100.0, "percent_covered_display": "100", "missing_lines": 0, "excluded_lines": 0, "percent_statements_covered": 100.0, "percent_statements_covered_display": "100"}, "missing_lines": [], "excluded_lines": [], "start_line": 612}, "": {"executed_lines": [7, 8, 9, 10, 11, 12, 14, 16, 17, 18, 19, 20, 21, 24, 35, 38, 39, 40, 41, 42, 43, 44, 45, 46, 47, 48, 51, 52, 62, 63, 74, 75, 84, 87, 92, 93, 98, 99, 107, 108, 118, 119, 127, 128, 133, 134, 139, 140, 143, 144, 151, 152, 159, 160, 177, 178, 195, 196, 212, 213, 228, 231, 235, 256, 271, 303, 331, 347, 358, 373, 377, 395, 430, 465, 501, 561, 612, 615, 616], "summary": {"covered_lines": 79, "num_statements": 79, "percent_covered": 100.0, "percent_covered_display": "100", "missing_lines": 0, "excluded_lines": 0, "percent_statements_covered": 100.0, "percent_statements_covered_display": "100"}, "missing_lines": [], "excluded_lines": [], "start_line": 1}}}, "models/__init__.py": {"executed_lines": [9, 12, 19, 26, 33, 39, 46, 54, 61, 67, 74, 81, 89, 96, 103, 105], "summary": {"covered_lines": 16, "num_statements": 16, "percent_covered": 100.0, "percent_covered_display": "100", "missing_lines": 0, "excluded_lines": 0, "percent_statements_covered": 100.0, "percent_statements_covered_display": "100"}, "missing_lines": [], "excluded_lines": [], "functions": {"": {"executed_lines": [9, 12, 19, 26, 33, 39, 46, 54, 61, 67, 74, 81, 89, 96, 103, 105], "summary": {"covered_lines": 16, "num_statements": 16, "percent_covered": 100.0, "percent_covered_display": "100", "missing_lines": 0, "excluded_lines": 0, "percent_statements_covered": 100.0, "percent_statements_covered_display": "100"}, "missing_lines": [], "excluded_lines": [], "start_line": 1}}, "classes": {"": {"executed_lines": [9, 12, 19, 26, 33, 39, 46, 54, 61, 67, 74, 81, 89, 96, 103, 105], "summary": {"covered_lines": 16, "num_statements": 16, "percent_covered": 100.0, "percent_covered_display": "100", "missing_lines": 0, "excluded_lines": 0, "percent_statements_covered": 100.0, "percent_statements_covered_display": "100"}, "missing_lines": [], "excluded_lines": [], "start_line": 1}}}, "models/base_nodes.py": {"executed_lines": [8, 10, 11, 12, 13, 16, 17, 20, 21, 22, 23, 25, 26, 27, 28, 29, 30, 32, 34, 35], "summary": {"covered_lines": 20, "num_statements": 20, "percent_covered": 100.0, "percent_covered_display": "100", "missing_lines": 0, "excluded_lines": 0, "percent_statements_covered": 100.0, "percent_statements_covered_display": "100"}, "missing_lines": [], "excluded_lines": [], "functions": {"Node.__iter__": {"executed_lines": [34, 35], "summary": {"covered_lines": 2, "num_statements": 2, "percent_covered": 100.0, "percent_covered_display": "100", "missing_lines": 0, "excluded_lines": 0, "percent_statements_covered": 100.0, "percent_statements_covered_display": "100"}, "missing_lines": [], "excluded_lines": [], "start_line": 32}, "": {"executed_lines": [8, 10, 11, 12, 13, 16, 17, 20, 21, 22, 23, 25, 26, 27, 28, 29, 30, 32], "summary": {"covered_lines": 18, "num_statements": 18, "percent_covered": 100.0, "percent_covered_display": "100", "missing_lines": 0, "excluded_lines": 0, "percent_statements_covered": 100.0, "percent_statements_covered_display": "100"}, "missing_lines": [], "excluded_lines": [], "start_line": 1}}, "classes": {"Node": {"executed_lines": [34, 35], "summary": {"covered_lines": 2, "num_statements": 2, "percent_covered": 100.0, "percent_covered_display": "100", "missing_lines": 0, "excluded_lines": 0, "percent_statements_covered": 100.0, "percent_statements_covered_display": "100"}, "missing_lines": [], "excluded_lines": [], "start_line": 17}, "": {"executed_lines": [8, 10, 11, 12, 13, 16, 17, 20, 21, 22, 23, 25, 26, 27, 28, 29, 30, 32], "summary": {"covered_lines": 18, "num_statements": 18, "percent_covered": 100.0, "percent_covered_display": "100", "missing_lines": 0, "excluded_lines": 0, "percent_statements_covered": 100.0, "percent_statements_covered_display": "100"}, "missing_lines": [], "excluded_lines": [], "start_line": 1}}}, "models/complex_analysis.py": {"executed_lines": [8, 10, 11, 12, 13, 15, 16, 19, 20, 23, 24, 25, 28, 29, 32, 35, 36, 37, 38, 41, 44, 47, 50, 55, 58, 61, 65, 124, 157, 199, 246, 292, 293, 296, 297, 298, 299, 302, 305, 308, 311, 316, 317, 318, 319, 324, 327, 330, 333, 338, 341, 345, 393, 394, 397, 398, 401, 404, 407, 412, 415, 418, 423, 426, 429, 434, 437, 442, 445, 448, 453, 456, 459, 464, 467, 472, 475, 480, 483, 486, 491, 494, 497, 501, 503, 506, 534, 575], "summary": {"covered_lines": 88, "num_statements": 233, "percent_covered": 37.76824034334764, "percent_covered_display": "38", "missing_lines": 145, "excluded_lines": 0, "percent_statements_covered": 37.76824034334764, "percent_statements_covered_display": "38"}, "missing_lines": [69, 72, 75, 81, 84, 85, 88, 89, 90, 94, 95, 99, 100, 101, 102, 105, 106, 107, 108, 110, 116, 119, 120, 122, 126, 129, 130, 133, 134, 138, 142, 153, 159, 162, 163, 164, 165, 168, 169, 170, 171, 172, 175, 176, 178, 179, 180, 181, 182, 185, 186, 187, 188, 197, 201, 209, 211, 212, 215, 216, 224, 232, 233, 235, 236, 237, 238, 239, 240, 242, 244, 248, 250, 253, 254, 256, 269, 270, 271, 275, 285, 347, 356, 357, 358, 359, 361, 364, 365, 366, 367, 368, 370, 373, 376, 381, 382, 383, 384, 385, 386, 388, 390, 504, 510, 515, 516, 523, 530, 532, 536, 538, 539, 540, 542, 545, 546, 549, 550, 553, 554, 555, 558, 559, 561, 573, 577, 592, 593, 598, 599, 600, 601, 602, 603, 606, 607, 608, 609, 610, 611, 614, 615, 616, 620], "excluded_lines": [], "functions": {"DigraphAnalysis.analyze_propagation_sequences": {"executed_lines": [], "summary": {"covered_lines": 0, "num_statements": 24, "percent_covered": 0.0, "percent_covered_display": "0", "missing_lines": 24, "excluded_lines": 0, "percent_statements_covered": 0.0, "percent_statements_covered_display": "0"}, "missing_lines": [69, 72, 75,
[...]
, 2623, 2624, 2625, 2626, 2627, 2630, 2633, 2634, 2635, 2636, 2637, 2638, 2639, 2640, 2643, 2646, 2647, 2648, 2649, 2650, 2651, 2652, 2653, 2656, 2659, 2660, 2661, 2662, 2663, 2664, 2665, 2666, 2669, 2672, 2673, 2674, 2675, 2676, 2677, 2678, 2679, 2682, 2685, 2686, 2687, 2688, 2689, 2690, 2691, 2692, 2695, 2698, 2699, 2700, 2701, 2702, 2703, 2704, 2705, 2708, 2711, 2712, 2713, 2714, 2715, 2716, 2717, 2718, 2721, 2724, 2725, 2726, 2727, 2728, 2729, 2730, 2733, 2736, 2737, 2738, 2739, 2740, 2741, 2742, 2745, 2748, 2749, 2750, 2751, 2752, 2753, 2754, 2755, 2758, 2761, 2762, 2763, 2764, 2765, 2766, 2767, 2768, 2771, 2774, 2775, 2776, 2777, 2778, 2779, 2780, 2781, 2789, 2792, 2793, 2794, 2795, 2796, 2797, 2800, 2803, 2804, 2805, 2806, 2809, 2812, 2813, 2814, 2817, 2820, 2821, 2822, 2823, 2826, 2829, 2830, 2831, 2832, 2833, 2836, 2839, 2840, 2841, 2842, 2843, 2846, 2849, 2850, 2851, 2852, 2855, 2858, 2859, 2860, 2861, 2862, 2865, 2868, 2869, 2870, 2871, 2872, 2875, 2878, 2879, 2880, 2881, 2882, 2883, 2884, 2887, 2890, 2891, 2892, 2893, 2894, 2895, 2896, 2904, 2907, 2908, 2909, 2910, 2911, 2912, 2913, 2914, 2915, 2916, 2917, 2918, 2919, 2920, 2921, 2922, 2923, 2924, 2925, 2926, 2929, 2932, 2933, 2934, 2935, 2936, 2939, 2942, 2943, 2944, 2945, 2946, 2947, 2948, 2949, 2950, 2951, 2954, 2957, 2958, 2959, 2960, 2961, 2962, 2963, 2964, 2965, 2966, 2969, 2972, 2973, 2974, 2975, 2976, 2977, 2978, 2979, 2980, 2981, 2982, 2983, 2984, 2985, 2986, 2987, 2988, 2989, 2990, 2991, 2994, 2997, 2998, 2999, 3000, 3001, 3002, 3003, 3004, 3005, 3006, 3007, 3008, 3009, 3010, 3011, 3012, 3013, 3014, 3015, 3016, 3019, 3022, 3023, 3024, 3025, 3026, 3027, 3028, 3029, 3030, 3031, 3032, 3033, 3034, 3035, 3036, 3037, 3038, 3039, 3040, 3041, 3049, 3053, 3057, 3061, 3065, 3066, 3067, 3068, 3069, 3070, 3081, 3364, 3365, 3403, 3404, 3451, 3452, 3477, 3478, 3513, 3514, 3567, 3568, 3615, 3616, 3656, 3657, 3692, 3693, 3748, 3749, 3813, 3814, 3926, 3927, 3995, 3996, 4036, 4037, 4051, 4052, 4095, 4096, 4118, 4119, 4143, 4144, 4165, 4166, 4186, 4187, 4209, 4210, 4256, 4257, 4278, 4279, 4310, 4311, 4330, 4331, 4351, 4363, 4374], "summary": {"covered_lines": 994, "num_statements": 1000, "percent_covered": 99.4, "percent_covered_display": "99", "missing_lines": 6, "excluded_lines": 0, "percent_statements_covered": 99.4, "percent_statements_covered_display": "99"}, "missing_lines": [4364, 4365, 4366, 4367, 4368, 4372], "excluded_lines": [], "start_line": 1}}}, "models/social_assessment.py": {"executed_lines": [8, 10, 11, 12, 14, 15, 22, 23, 26, 29, 30, 31, 32, 33, 35, 38, 41, 42, 43, 46, 50, 52, 56, 57, 60, 63, 64, 65, 66, 69, 72, 73, 78, 81, 82, 87, 88, 89, 93, 125, 126, 129, 130, 131, 134, 137, 140, 143, 144, 145, 148, 151, 154, 157, 162, 165, 168, 172], "summary": {"covered_lines": 58, "num_statements": 106, "percent_covered": 54.716981132075475, "percent_covered_display": "55", "missing_lines": 48, "excluded_lines": 0, "percent_statements_covered": 54.716981132075475, "percent_statements_covered_display": "55"}, "missing_lines": [53, 95, 103, 104, 105, 106, 107, 108, 109, 111, 112, 115, 116, 117, 118, 119, 120, 122, 174, 182, 184, 185, 186, 187, 189, 192, 193, 194, 195, 196, 198, 201, 202, 203, 204, 205, 207, 208, 209, 210, 212, 215, 218, 219, 220, 221, 223, 225], "excluded_lines": [], "functions": {"SocialValueAssessment.__post_init__": {"executed_lines": [52], "summary": {"covered_lines": 1, "num_statements": 2, "percent_covered": 50.0, "percent_covered_display": "50", "missing_lines": 1, "excluded_lines": 0, "percent_statements_covered": 50.0, "percent_statements_covered_display": "50"}, "missing_lines": [53], "excluded_lines": [], "start_line": 50}, "SocialFabricIndicator.assess_fabric_health": {"executed_lines": [], "summary": {"covered_lines": 0, "num_statements": 17, "percent_covered": 0.0, "percent_covered_display": "0", "missing_lines": 17, "excluded_lines": 0, "percent_statements_covered": 0.0, "percent_statements_covered_display": "0"}, "missing_lines": [95, 103, 104, 105, 106, 107, 108, 109, 111, 112, 115, 116, 117, 118, 119, 120, 122], "excluded_lines": [], "start_line": 93}, "SocialCost.assess_cost_severity": {"executed_lines": [], "summary": {"covered_lines": 0, "num_statements": 30, "percent_covered": 0.0, "percent_covered_display": "0", "missing_lines": 30, "excluded_lines": 0, "percent_statements_covered": 0.0, "percent_statements_covered_display": "0"}, "missing_lines": [174, 182, 184, 185, 186, 187, 189, 192, 193, 194, 195, 196, 198, 201, 202, 203, 204, 205, 207, 208, 209, 210, 212, 215, 218, 219, 220, 221, 223, 225], "excluded_lines": [], "start_line": 172}, "": {"executed_lines": [8, 10, 11, 12, 14, 15, 22, 23, 26, 29, 30, 31, 32, 33, 35, 38, 41, 42, 43, 46, 50, 56, 57, 60, 63, 64, 65, 66, 69, 72, 73, 78, 81, 82, 87, 88, 89, 93, 125, 126, 129, 130, 131, 134, 137, 140, 143, 144, 145, 148, 151, 154, 157, 162, 165, 168, 172], "summary": {"covered_lines": 57, "num_statements": 57, "percent_covered": 100.0, "percent_covered_display": "100", "missing_lines": 0, "excluded_lines": 0, "percent_statements_covered": 100.0, "percent_statements_covered_display": "100"}, "missing_lines": [], "excluded_lines": [], "start_line": 1}}, "classes": {"SocialValueAssessment": {"executed_lines": [52], "summary": {"covered_lines": 1, "num_statements": 2, "percent_covered": 50.0, "percent_covered_display": "50", "missing_lines": 1, "excluded_lines": 0, "percent_statements_covered": 50.0, "percent_statements_covered_display": "50"}, "missing_lines": [53], "excluded_lines": [], "start_line": 23}, "SocialFabricIndicator": {"executed_lines": [], "summary": {"covered_lines": 0, "num_statements": 17, "percent_covered": 0.0, "percent_covered_display": "0", "missing_lines": 17, "excluded_lines": 0, "percent_statements_covered": 0.0, "percent_statements_covered_display": "0"}, "missing_lines": [95, 103, 104, 105, 106, 107, 108, 109, 111, 112, 115, 116, 117, 118, 119, 120, 122], "excluded_lines": [], "start_line": 57}, "SocialCost": {"executed_lines": [], "summary": {"covered_lines": 0, "num_statements": 30, "percent_covered": 0.0, "percent_covered_display": "0", "missing_lines": 30, "excluded_lines": 0, "percent_statements_covered": 0.0, "percent_statements_covered_display": "0"}, "missing_lines": [174, 182, 184, 185, 186, 187, 189, 192, 193, 194, 195, 196, 198, 201, 202, 203, 204, 205, 207, 208, 209, 210, 212, 215, 218, 219, 220, 221, 223, 225], "excluded_lines": [], "start_line": 126}, "": {"executed_lines": [8, 10, 11, 12, 14, 15, 22, 23, 26, 29, 30, 31, 32, 33, 35, 38, 41, 42, 43, 46, 50, 56, 57, 60, 63, 64, 65, 66, 69, 72, 73, 78, 81, 82, 87, 88, 89, 93, 125, 126, 129, 130, 131, 134, 137, 140, 143, 144, 145, 148, 151, 154, 157, 162, 165, 168, 172], "summary": {"covered_lines": 57, "num_statements": 57, "percent_covered": 100.0, "percent_covered_display": "100", "missing_lines": 0, "excluded_lines": 0, "percent_statements_covered": 100.0, "percent_statements_covered_display": "100"}, "missing_lines": [], "excluded_lines": [], "start_line": 1}}}, "models/specialized_components.py": {"executed_lines": [9, 11, 12, 13, 15, 16, 19, 20, 23, 26, 27, 28, 31, 34, 37, 42, 43, 44, 45, 48, 51, 54, 59, 60, 61, 64, 68, 126, 127, 130, 131, 134, 137, 142, 145, 146, 149, 154, 157, 160, 165, 168, 171, 175, 226, 227, 230, 233, 236, 241, 244, 247, 252, 255, 258, 263, 266, 269, 273], "summary": {"covered_lines": 59, "num_statements": 122, "percent_covered": 48.36065573770492, "percent_covered_display": "48", "missing_lines": 63, "excluded_lines": 0, "percent_statements_covered": 48.36065573770492, "percent_statements_covered_display": "48"}, "missing_lines": [70, 79, 80, 81, 82, 83, 84, 85, 87, 88, 91, 92, 93, 94, 95, 97, 100, 101, 102, 103, 104, 106, 107, 112, 113, 114, 115, 116, 118, 119, 123, 177, 185, 186, 187, 188, 190, 191, 196, 199, 200, 201, 202, 204, 205, 210, 212, 221, 223, 275, 284, 285, 286, 295, 296, 297, 306, 307, 308, 312, 313, 314, 318], "excluded_lines": [], "functions": {"SocialIndicatorSystem.assess_indicator_system_quality": {"executed_lines": [], "summary": {"covered_lines": 0, "num_statements": 31, "percent_covered": 0.0, "percent_covered_display": "0", "missing_lines": 31, "excluded_lines": 0, "percent_statements_covered": 0.0, "percent_statements_covered_display": "0"}, "missing_lines": [70, 79, 80, 81, 82, 83, 84, 85, 87, 88, 91, 92, 93, 94, 95, 97, 100, 101, 102, 103, 104, 106, 107, 112, 113, 114, 115, 116, 118, 119, 123], "excluded_lines": [], "start_line": 68}, "EvolutionaryPathway.assess_evolutionary_potential": {"executed_lines": [], "summary": {"covered_lines": 0, "num_statements": 18, "percent_covered": 0.0, "percent_covered_display": "0", "missing_lines": 18, "excluded_lines": 0, "percent_statements_covered": 0.0, "percent_statements_covered_display": "0"}, "missing_lines": [177, 185, 186, 187, 188, 190, 191, 196, 199, 200, 201, 202, 204, 205, 210, 212, 221, 223], "excluded_lines": [], "start_line": 175}, "SocialProvisioningMatrix.analyze_provisioning_gaps": {"executed_lines": [], "summary": {"covered_lines": 0, "num_statements": 14, "percent_covered": 0.0, "percent_covered_display": "0", "missing_lines": 14, "excluded_lines": 0, "percent_statements_covered": 0.0, "percent_statements_covered_display": "0"}, "missing_lines": [275, 284, 285, 286, 295, 296, 297, 306, 307, 308, 312, 313, 314, 318], "excluded_lines": [], "start_line": 273}, "": {"executed_lines": [9, 11, 12, 13, 15, 16, 19, 20, 23, 26, 27, 28, 31, 34, 37, 42, 43, 44, 45, 48, 51, 54, 59, 60, 61, 64, 68, 126, 127, 130, 131, 134, 137, 142, 145, 146, 149, 154, 157, 160, 165, 168, 171, 175, 226, 227, 230, 233, 236, 241, 244, 247, 252, 255, 258, 263, 266, 269, 273], "summary": {"covered_lines": 59, "num_statements": 59, "percent_covered": 100.0, "percent_covered_display": "100", "missing_lines": 0, "excluded_lines": 0, "percent_statements_covered": 100.0, "percent_statements_covered_display": "100"}, "missing_lines": [], "excluded_lines": [], "start_line": 1}}, "classes": {"SocialIndicatorSystem": {"executed_lines": [], "summary": {"covered_lines": 0, "num_statements": 31, "percent_covered": 0.0, "percent_covered_display": "0", "missing_lines": 31, "excluded_lines": 0, "percent_statements_covered": 0.0, "percent_statements_covered_display": "0"}, "missing_lines": [70, 79, 80, 81, 82, 83, 84, 85, 87, 88, 91, 92, 93, 94, 95, 97, 100, 101, 102, 103, 104, 106, 107, 112, 113, 114, 115, 116, 118, 119, 123], "excluded_lines": [], "start_line": 20}, "EvolutionaryPathway": {"executed_lines": [], "summary": {"covered_lines": 0, "num_statements": 18, "percent_covered": 0.0, "percent_covered_display": "0", "missing_lines": 18, "excluded_lines": 0, "percent_statements_covered": 0.0, "percent_statements_covered_display": "0"}, "missing_lines": [177, 185, 186, 187, 188, 190, 191, 196, 199, 200, 201, 202, 204, 205, 210, 212, 221, 223], "excluded_lines": [], "start_line": 127}, "SocialProvisioningMatrix": {"executed_lines": [], "summary": {"covered_lines": 0, "num_statements": 14, "percent_covered": 0.0, "percent_covered_display": "0", "missing_lines": 14, "excluded_lines": 0, "percent_statements_covered": 0.0, "percent_statements_covered_display": "0"}, "missing_lines": [275, 284, 285, 286, 295, 296, 297, 306, 307, 308, 312, 313, 314, 318], "excluded_lines": [], "start_line": 227}, "": {"executed_lines": [9, 11, 12, 13, 15, 16, 19, 20, 23, 26, 27, 28, 31, 34, 37, 42, 43, 44, 45, 48, 51, 54, 59, 60, 61, 64, 68, 126, 127, 130, 131, 134, 137, 142, 145, 146, 149, 154, 157, 160, 165, 168, 171, 175, 226, 227, 230, 233, 236, 241, 244, 247, 252, 255, 258, 263, 266, 269, 273], "summary": {"covered_lines": 59, "num_statements": 59, "percent_covered": 100.0, "percent_covered_display": "100", "missing_lines": 0, "excluded_lines": 0, "percent_statements_covered": 100.0, "percent_statements_covered_display": "100"}, "missing_lines": [], "excluded_lines": [], "start_line": 1}}}, "models/specialized_nodes.py": {"executed_lines": [], "summary": {"covered_lines": 0, "num_statements": 15, "percent_covered": 0.0, "percent_covered_display": "0", "missing_lines": 15, "excluded_lines": 0, "percent_statements_covered": 0.0, "percent_statements_covered_display": "0"}, "missing_lines": [9, 12, 13, 18, 23, 24, 29, 35, 40, 41, 46, 51, 57, 62, 89], "excluded_lines": [], "functions": {"": {"executed_lines": [], "summary": {"covered_lines": 0, "num_statements": 15, "percent_covered": 0.0, "percent_covered_display": "0", "missing_lines": 15, "excluded_lines": 0, "percent_statements_covered": 0.0, "percent_statements_covered_display": "0"}, "missing_lines": [9, 12, 13, 18, 23, 24, 29, 35, 40, 41, 46, 51, 57, 62, 89], "excluded_lines": [], "start_line": 1}}, "classes": {"": {"executed_lines": [], "summary": {"covered_lines": 0, "num_statements": 15, "percent_covered": 0.0, "percent_covered_display": "0", "missing_lines": 15, "excluded_lines": 0, "percent_statements_covered": 0.0, "percent_statements_covered_display": "0"}, "missing_lines": [9, 12, 13, 18, 23, 24, 29, 35, 40, 41, 46, 51, 57, 62, 89], "excluded_lines": [], "start_line": 1}}}, "models/system_analysis.py": {"executed_lines": [8, 10, 11, 12, 13, 15, 16, 23, 24, 27, 28, 29, 30, 32, 34, 38, 39, 42, 43, 44, 47, 48, 49, 50, 51, 54, 55, 56, 59, 60, 61, 62, 65, 67, 69, 78, 79, 82, 85, 88, 93, 96, 99, 104, 107, 110, 115, 118, 121, 125, 146], "summary": {"covered_lines": 51, "num_statements": 69, "percent_covered": 73.91304347826087, "percent_covered_display": "74", "missing_lines": 18, "excluded_lines": 0, "percent_statements_covered": 73.91304347826087, "percent_statements_covered_display": "74"}, "missing_lines": [73, 127, 128, 131, 132, 134, 135, 136, 137, 138, 140, 148, 150, 152, 153, 154, 157, 160], "excluded_lines": [], "functions": {"SystemLevelAnalysis.__post_init__": {"executed_lines": [69], "summary": {"covered_lines": 1, "num_statements": 2, "percent_covered": 50.0, "percent_covered_display": "50", "missing_lines": 1, "excluded_lines": 0, "percent_statements_covered": 50.0, "percent_statements_covered_display": "50"}, "missing_lines": [73], "excluded_lines": [], "start_line": 67}, "InstitutionalHolarchy.calculate_system_coherence": {"executed_lines": [], "summary": {"covered_lines": 0, "num_statements": 10, "percent_covered": 0.0, "percent_covered_display": "0", "missing_lines": 10, "excluded_lines": 0, "percent_statements_covered": 0.0, "percent_statements_covered_display": "0"}, "missing_lines": [127, 128, 131, 132, 134, 135, 136, 137, 138, 140], "excluded_lines": [], "start_line": 125}, "InstitutionalHolarchy.identify_leverage_points": {"executed_lines": [], "summary": {"covered_lines": 0, "num_statements": 7, "percent_covered": 0.0, "percent_covered_display": "0", "missing_lines": 7, "excluded_lines": 0, "percent_statements_covered": 0.0, "percent_statements_covered_display": "0"}, "missing_lines": [148, 150, 152, 153, 154, 157, 160], "excluded_lines": [], "start_line": 146}, "": {"executed_lines": [8, 10, 11, 12, 13, 15, 16, 23, 24, 27, 28, 29, 30, 32, 34, 38, 39, 42, 43, 44, 47, 48, 49, 50, 51, 54, 55, 56, 59, 60, 61, 62, 65, 67, 78, 79, 82, 85, 88, 93, 96, 99, 104, 107, 110, 115, 118, 121, 125, 146], "summary": {"covered_lines": 50, "num_statements": 50, "percent_covered": 100.0, "percent_covered_display": "100", "missing_lines": 0, "excluded_lines": 0, "percent_statements_covered": 100.0, "percent_statements_covered_display": "100"}, "missing_lines": [], "excluded_lines": [], "start_line": 1}}, "classes": {"SystemProperty": {"executed_lines": [], "summary": {"covered_lines": 0, "num_statements": 0, "percent_covered": 100.0, "percent_covered_display": "100", "missing_lines": 0, "excluded_lines": 0, "percent_statements_covered": 100.0, "percent_statements_covered_display": "100"}, "missing_lines": [], "excluded_lines": [], "start_line": 24}, "SystemLevelAnalysis": {"executed_lines": [69], "summary": {"covered_lines": 1, "num_statements": 2, "percent_covered": 50.0, "percent_covered_display": "50", "missing_lines": 1, "excluded_lines": 0, "percent_statements_covered": 50.0, "percent_statements_covered_display": "50"}, "missing_lines": [73], "excluded_lines": [], "start_line": 39}, "InstitutionalHolarchy": {"executed_lines": [], "summary": {"covered_lines": 0, "num_statements": 17, "percent_covered": 0.0, "percent_covered_display": "0", "missing_lines": 17, "excluded_lines": 0, "percent_statements_covered": 0.0, "percent_statements_covered_display": "0"}, "missing_lines": [127, 128, 131, 132, 134, 135, 136, 137, 138, 140, 148, 150, 152, 153, 154, 157, 160], "excluded_lines": [], "start_line": 79}, "": {"executed_lines": [8, 10, 11, 12, 13, 15, 16, 23, 24, 27, 28, 29, 30, 32, 34, 38, 39, 42, 43, 44, 47, 48, 49, 50, 51, 54, 55, 56, 59, 60, 61, 62, 65, 67, 78, 79, 82, 85, 88, 93, 96, 99, 104, 107, 110, 115, 118, 121, 125, 146], "summary": {"covered_lines": 50, "num_statements": 50, "percent_covered": 100.0, "percent_covered_display": "100", "missing_lines": 0, "excluded_lines": 0, "percent_statements_covered": 100.0, "percent_statements_covered_display": "100"}, "missing_lines": [], "excluded_lines": [], "start_line": 1}}}, "models/technology_integration.py": {"executed_lines": [8, 10, 11, 12, 14, 15, 18, 19, 22, 23, 26, 29, 32, 33, 34, 35, 36, 39, 40, 43, 44, 45, 46, 47, 52, 55, 58, 63, 66, 67, 70, 75, 78, 81, 85], "summary": {"covered_lines": 35, "num_statements": 46, "percent_covered": 76.08695652173913, "percent_covered_display": "76", "missing_lines": 11, "excluded_lines": 0, "percent_statements_covered": 76.08695652173913, "percent_statements_covered_display": "76"}, "missing_lines": [87, 89, 90, 91, 92, 93, 94, 97, 98, 101, 103], "excluded_lines": [], "functions": {"EcologicalSystem.calculate_sustainability_score": {"executed_lines": [], "summary": {"covered_lines": 0, "num_statements": 11, "percent_covered": 0.0, "percent_covered_display": "0", "missing_lines": 11, "excluded_lines": 0, "percent_statements_covered": 0.0, "percent_statements_covered_display": "0"}, "missing_lines": [87, 89, 90, 91, 92, 93, 94, 97, 98, 101, 103], "excluded_lines": [], "start_line": 85}, "": {"executed_lines": [8, 10, 11, 12, 14, 15, 18, 19, 22, 23, 26, 29, 32, 33, 34, 35, 36, 39, 40, 43, 44, 45, 46, 47, 52, 55, 58, 63, 66, 67, 70, 75, 78, 81, 85], "summary": {"covered_lines": 35, "num_statements": 35, "percent_covered": 100.0, "percent_covered_display": "100", "missing_lines": 0, "excluded_lines": 0, "percent_statements_covered": 100.0, "percent_statements_covered_display": "100"}, "missing_lines": [], "excluded_lines": [], "start_line": 1}}, "classes": {"ToolSkillTechnologyComplex": {"executed_lines": [], "summary": {"covered_lines": 0, "num_statements": 0, "percent_covered": 100.0, "percent_covered_display": "100", "missing_lines": 0, "excluded_lines": 0, "percent_statements_covered": 100.0, "percent_statements_covered_display": "100"}, "missing_lines": [], "excluded_lines": [], "start_line": 19}, "EcologicalSystem": {"executed_lines": [], "summary": {"covered_lines": 0, "num_statements": 11, "percent_covered": 0.0, "percent_covered_display": "0", "missing_lines": 11, "excluded_lines": 0, "percent_statements_covered": 0.0, "percent_statements_covered_display": "0"}, "missing_lines": [87, 89, 90, 91, 92, 93, 94, 97, 98, 101, 103], "excluded_lines": [], "start_line": 40}, "": {"executed_lines": [8, 10, 11, 12, 14, 15, 18, 19, 22, 23, 26, 29, 32, 33, 34, 35, 36, 39, 40, 43, 44, 45, 46, 47, 52, 55, 58, 63, 66, 67, 70, 75, 78, 81, 85], "summary": {"covered_lines": 35, "num_statements": 35, "percent_covered": 100.0, "percent_covered_display": "100", "missing_lines": 0, "excluded_lines": 0, "percent_statements_covered": 100.0, "percent_statements_covered_display": "100"}, "missing_lines": [], "excluded_lines": [], "start_line": 1}}}}, "totals": {"covered_lines": 2643, "num_statements": 3858, "percent_covered": 68.50699844479004, "percent_covered_display": "69", "missing_lines": 1215, "excluded_lines": 0, "percent_statements_covered": 68.50699844479004, "percent_statements_covered_display": "69"}}